INFO - 2025-03-24 07:34:13 --> Session: Class initialized using 'CodeIgniter\Session\Handlers\FileHandler' driver.
INFO - 2025-03-24 07:34:15 --> Session: Class initialized using 'CodeIgniter\Session\Handlers\FileHandler' driver.
INFO - 2025-03-24 07:34:25 --> CSRF token verified.
INFO - 2025-03-24 07:34:26 --> Session: Class initialized using 'CodeIgniter\Session\Handlers\FileHandler' driver.
INFO - 2025-03-24 07:34:26 --> Session: Class initialized using 'CodeIgniter\Session\Handlers\FileHandler' driver.
INFO - 2025-03-24 07:34:36 --> CSRF token verified.
INFO - 2025-03-24 07:34:36 --> Session: Class initialized using 'CodeIgniter\Session\Handlers\FileHandler' driver.
INFO - 2025-03-24 07:34:36 --> Session: Class initialized using 'CodeIgniter\Session\Handlers\FileHandler' driver.
CRITICAL - 2025-03-24 07:34:37 --> CodeIgniter\HTTP\Exceptions\BadRequestException: The URI you submitted has disallowed characters: "@fortawesome"
[Method: GET, Route: template/node_modules/@fortawesome/fontawesome-free/css/all.css]
in SYSTEMPATH\Router\Router.php on line 737.
 1 SYSTEMPATH\Router\Router.php(204): CodeIgniter\Router\Router->checkDisallowedChars('template/node_modules/@fortawesome/fontawesome-free/css/all.css')
 2 SYSTEMPATH\CodeIgniter.php(834): CodeIgniter\Router\Router->handle('template/node_modules/@fortawesome/fontawesome-free/css/all.css')
 3 SYSTEMPATH\CodeIgniter.php(457): CodeIgniter\CodeIgniter->tryToRouteIt(Object(CodeIgniter\Router\RouteCollection))
 4 SYSTEMPATH\CodeIgniter.php(355): CodeIgniter\CodeIgniter->handleRequest(null, Object(Config\Cache), false)
 5 SYSTEMPATH\Boot.php(325): CodeIgniter\CodeIgniter->run()
 6 SYSTEMPATH\Boot.php(67): CodeIgniter\Boot::runCodeIgniter(Object(CodeIgniter\CodeIgniter))
 7 FCPATH\index.php(56): CodeIgniter\Boot::bootWeb(Object(Config\Paths))
 8 SYSTEMPATH\rewrite.php(44): require_once('C:\\laragon\\www\\aabweureeka\\public\\index.php')
CRITICAL - 2025-03-24 07:34:52 --> CodeIgniter\HTTP\Exceptions\BadRequestException: The URI you submitted has disallowed characters: "@fortawesome"
[Method: GET, Route: template/node_modules/@fortawesome/fontawesome-free/css/all.css]
in SYSTEMPATH\Router\Router.php on line 737.
 1 SYSTEMPATH\Router\Router.php(204): CodeIgniter\Router\Router->checkDisallowedChars('template/node_modules/@fortawesome/fontawesome-free/css/all.css')
 2 SYSTEMPATH\CodeIgniter.php(834): CodeIgniter\Router\Router->handle('template/node_modules/@fortawesome/fontawesome-free/css/all.css')
 3 SYSTEMPATH\CodeIgniter.php(457): CodeIgniter\CodeIgniter->tryToRouteIt(Object(CodeIgniter\Router\RouteCollection))
 4 SYSTEMPATH\CodeIgniter.php(355): CodeIgniter\CodeIgniter->handleRequest(null, Object(Config\Cache), false)
 5 SYSTEMPATH\Boot.php(325): CodeIgniter\CodeIgniter->run()
 6 SYSTEMPATH\Boot.php(67): CodeIgniter\Boot::runCodeIgniter(Object(CodeIgniter\CodeIgniter))
 7 FCPATH\index.php(56): CodeIgniter\Boot::bootWeb(Object(Config\Paths))
 8 SYSTEMPATH\rewrite.php(44): require_once('C:\\laragon\\www\\aabweureeka\\public\\index.php')
INFO - 2025-03-24 07:36:42 --> Session: Class initialized using 'CodeIgniter\Session\Handlers\FileHandler' driver.
CRITICAL - 2025-03-24 07:36:43 --> CodeIgniter\HTTP\Exceptions\BadRequestException: The URI you submitted has disallowed characters: "@fortawesome"
[Method: GET, Route: template/node_modules/@fortawesome/fontawesome-free/css/all.css]
in SYSTEMPATH\Router\Router.php on line 737.
 1 SYSTEMPATH\Router\Router.php(204): CodeIgniter\Router\Router->checkDisallowedChars('template/node_modules/@fortawesome/fontawesome-free/css/all.css')
 2 SYSTEMPATH\CodeIgniter.php(834): CodeIgniter\Router\Router->handle('template/node_modules/@fortawesome/fontawesome-free/css/all.css')
 3 SYSTEMPATH\CodeIgniter.php(457): CodeIgniter\CodeIgniter->tryToRouteIt(Object(CodeIgniter\Router\RouteCollection))
 4 SYSTEMPATH\CodeIgniter.php(355): CodeIgniter\CodeIgniter->handleRequest(null, Object(Config\Cache), false)
 5 SYSTEMPATH\Boot.php(325): CodeIgniter\CodeIgniter->run()
 6 SYSTEMPATH\Boot.php(67): CodeIgniter\Boot::runCodeIgniter(Object(CodeIgniter\CodeIgniter))
 7 FCPATH\index.php(56): CodeIgniter\Boot::bootWeb(Object(Config\Paths))
 8 SYSTEMPATH\rewrite.php(44): require_once('C:\\laragon\\www\\aabweureeka\\public\\index.php')
INFO - 2025-03-24 07:40:35 --> Session: Class initialized using 'CodeIgniter\Session\Handlers\FileHandler' driver.
CRITICAL - 2025-03-24 07:40:36 --> CodeIgniter\HTTP\Exceptions\BadRequestException: The URI you submitted has disallowed characters: "@fortawesome"
[Method: GET, Route: template/node_modules/@fortawesome/fontawesome-free/css/all.css]
in SYSTEMPATH\Router\Router.php on line 737.
 1 SYSTEMPATH\Router\Router.php(204): CodeIgniter\Router\Router->checkDisallowedChars('template/node_modules/@fortawesome/fontawesome-free/css/all.css')
 2 SYSTEMPATH\CodeIgniter.php(834): CodeIgniter\Router\Router->handle('template/node_modules/@fortawesome/fontawesome-free/css/all.css')
 3 SYSTEMPATH\CodeIgniter.php(457): CodeIgniter\CodeIgniter->tryToRouteIt(Object(CodeIgniter\Router\RouteCollection))
 4 SYSTEMPATH\CodeIgniter.php(355): CodeIgniter\CodeIgniter->handleRequest(null, Object(Config\Cache), false)
 5 SYSTEMPATH\Boot.php(325): CodeIgniter\CodeIgniter->run()
 6 SYSTEMPATH\Boot.php(67): CodeIgniter\Boot::runCodeIgniter(Object(CodeIgniter\CodeIgniter))
 7 FCPATH\index.php(56): CodeIgniter\Boot::bootWeb(Object(Config\Paths))
 8 SYSTEMPATH\rewrite.php(44): require_once('C:\\laragon\\www\\aabweureeka\\public\\index.php')
INFO - 2025-03-24 07:40:49 --> Session: Class initialized using 'CodeIgniter\Session\Handlers\FileHandler' driver.
CRITICAL - 2025-03-24 07:40:49 --> CodeIgniter\HTTP\Exceptions\BadRequestException: The URI you submitted has disallowed characters: "@fortawesome"
[Method: GET, Route: template/node_modules/@fortawesome/fontawesome-free/css/all.css]
in SYSTEMPATH\Router\Router.php on line 737.
 1 SYSTEMPATH\Router\Router.php(204): CodeIgniter\Router\Router->checkDisallowedChars('template/node_modules/@fortawesome/fontawesome-free/css/all.css')
 2 SYSTEMPATH\CodeIgniter.php(834): CodeIgniter\Router\Router->handle('template/node_modules/@fortawesome/fontawesome-free/css/all.css')
 3 SYSTEMPATH\CodeIgniter.php(457): CodeIgniter\CodeIgniter->tryToRouteIt(Object(CodeIgniter\Router\RouteCollection))
 4 SYSTEMPATH\CodeIgniter.php(355): CodeIgniter\CodeIgniter->handleRequest(null, Object(Config\Cache), false)
 5 SYSTEMPATH\Boot.php(325): CodeIgniter\CodeIgniter->run()
 6 SYSTEMPATH\Boot.php(67): CodeIgniter\Boot::runCodeIgniter(Object(CodeIgniter\CodeIgniter))
 7 FCPATH\index.php(56): CodeIgniter\Boot::bootWeb(Object(Config\Paths))
 8 SYSTEMPATH\rewrite.php(44): require_once('C:\\laragon\\www\\aabweureeka\\public\\index.php')
INFO - 2025-03-24 07:41:16 --> Session: Class initialized using 'CodeIgniter\Session\Handlers\FileHandler' driver.
CRITICAL - 2025-03-24 07:41:16 --> CodeIgniter\HTTP\Exceptions\BadRequestException: The URI you submitted has disallowed characters: "@fortawesome"
[Method: GET, Route: template/node_modules/@fortawesome/fontawesome-free/css/all.css]
in SYSTEMPATH\Router\Router.php on line 737.
 1 SYSTEMPATH\Router\Router.php(204): CodeIgniter\Router\Router->checkDisallowedChars('template/node_modules/@fortawesome/fontawesome-free/css/all.css')
 2 SYSTEMPATH\CodeIgniter.php(834): CodeIgniter\Router\Router->handle('template/node_modules/@fortawesome/fontawesome-free/css/all.css')
 3 SYSTEMPATH\CodeIgniter.php(457): CodeIgniter\CodeIgniter->tryToRouteIt(Object(CodeIgniter\Router\RouteCollection))
 4 SYSTEMPATH\CodeIgniter.php(355): CodeIgniter\CodeIgniter->handleRequest(null, Object(Config\Cache), false)
 5 SYSTEMPATH\Boot.php(325): CodeIgniter\CodeIgniter->run()
 6 SYSTEMPATH\Boot.php(67): CodeIgniter\Boot::runCodeIgniter(Object(CodeIgniter\CodeIgniter))
 7 FCPATH\index.php(56): CodeIgniter\Boot::bootWeb(Object(Config\Paths))
 8 SYSTEMPATH\rewrite.php(44): require_once('C:\\laragon\\www\\aabweureeka\\public\\index.php')
INFO - 2025-03-24 07:45:00 --> Session: Class initialized using 'CodeIgniter\Session\Handlers\FileHandler' driver.
CRITICAL - 2025-03-24 07:45:01 --> CodeIgniter\HTTP\Exceptions\BadRequestException: The URI you submitted has disallowed characters: "@fortawesome"
[Method: GET, Route: template/node_modules/@fortawesome/fontawesome-free/css/all.css]
in SYSTEMPATH\Router\Router.php on line 737.
 1 SYSTEMPATH\Router\Router.php(204): CodeIgniter\Router\Router->checkDisallowedChars('template/node_modules/@fortawesome/fontawesome-free/css/all.css')
 2 SYSTEMPATH\CodeIgniter.php(834): CodeIgniter\Router\Router->handle('template/node_modules/@fortawesome/fontawesome-free/css/all.css')
 3 SYSTEMPATH\CodeIgniter.php(457): CodeIgniter\CodeIgniter->tryToRouteIt(Object(CodeIgniter\Router\RouteCollection))
 4 SYSTEMPATH\CodeIgniter.php(355): CodeIgniter\CodeIgniter->handleRequest(null, Object(Config\Cache), false)
 5 SYSTEMPATH\Boot.php(325): CodeIgniter\CodeIgniter->run()
 6 SYSTEMPATH\Boot.php(67): CodeIgniter\Boot::runCodeIgniter(Object(CodeIgniter\CodeIgniter))
 7 FCPATH\index.php(56): CodeIgniter\Boot::bootWeb(Object(Config\Paths))
 8 SYSTEMPATH\rewrite.php(44): require_once('C:\\laragon\\www\\aabweureeka\\public\\index.php')
INFO - 2025-03-24 07:45:11 --> Session: Class initialized using 'CodeIgniter\Session\Handlers\FileHandler' driver.
CRITICAL - 2025-03-24 07:45:12 --> CodeIgniter\HTTP\Exceptions\BadRequestException: The URI you submitted has disallowed characters: "@fortawesome"
[Method: GET, Route: template/node_modules/@fortawesome/fontawesome-free/css/all.css]
in SYSTEMPATH\Router\Router.php on line 737.
 1 SYSTEMPATH\Router\Router.php(204): CodeIgniter\Router\Router->checkDisallowedChars('template/node_modules/@fortawesome/fontawesome-free/css/all.css')
 2 SYSTEMPATH\CodeIgniter.php(834): CodeIgniter\Router\Router->handle('template/node_modules/@fortawesome/fontawesome-free/css/all.css')
 3 SYSTEMPATH\CodeIgniter.php(457): CodeIgniter\CodeIgniter->tryToRouteIt(Object(CodeIgniter\Router\RouteCollection))
 4 SYSTEMPATH\CodeIgniter.php(355): CodeIgniter\CodeIgniter->handleRequest(null, Object(Config\Cache), false)
 5 SYSTEMPATH\Boot.php(325): CodeIgniter\CodeIgniter->run()
 6 SYSTEMPATH\Boot.php(67): CodeIgniter\Boot::runCodeIgniter(Object(CodeIgniter\CodeIgniter))
 7 FCPATH\index.php(56): CodeIgniter\Boot::bootWeb(Object(Config\Paths))
 8 SYSTEMPATH\rewrite.php(44): require_once('C:\\laragon\\www\\aabweureeka\\public\\index.php')
INFO - 2025-03-24 07:46:06 --> Session: Class initialized using 'CodeIgniter\Session\Handlers\FileHandler' driver.
CRITICAL - 2025-03-24 07:46:07 --> CodeIgniter\HTTP\Exceptions\BadRequestException: The URI you submitted has disallowed characters: "@fortawesome"
[Method: GET, Route: template/node_modules/@fortawesome/fontawesome-free/css/all.css]
in SYSTEMPATH\Router\Router.php on line 737.
 1 SYSTEMPATH\Router\Router.php(204): CodeIgniter\Router\Router->checkDisallowedChars('template/node_modules/@fortawesome/fontawesome-free/css/all.css')
 2 SYSTEMPATH\CodeIgniter.php(834): CodeIgniter\Router\Router->handle('template/node_modules/@fortawesome/fontawesome-free/css/all.css')
 3 SYSTEMPATH\CodeIgniter.php(457): CodeIgniter\CodeIgniter->tryToRouteIt(Object(CodeIgniter\Router\RouteCollection))
 4 SYSTEMPATH\CodeIgniter.php(355): CodeIgniter\CodeIgniter->handleRequest(null, Object(Config\Cache), false)
 5 SYSTEMPATH\Boot.php(325): CodeIgniter\CodeIgniter->run()
 6 SYSTEMPATH\Boot.php(67): CodeIgniter\Boot::runCodeIgniter(Object(CodeIgniter\CodeIgniter))
 7 FCPATH\index.php(56): CodeIgniter\Boot::bootWeb(Object(Config\Paths))
 8 SYSTEMPATH\rewrite.php(44): require_once('C:\\laragon\\www\\aabweureeka\\public\\index.php')
INFO - 2025-03-24 07:46:34 --> Session: Class initialized using 'CodeIgniter\Session\Handlers\FileHandler' driver.
CRITICAL - 2025-03-24 07:46:35 --> CodeIgniter\HTTP\Exceptions\BadRequestException: The URI you submitted has disallowed characters: "@fortawesome"
[Method: GET, Route: template/node_modules/@fortawesome/fontawesome-free/css/all.css]
in SYSTEMPATH\Router\Router.php on line 737.
 1 SYSTEMPATH\Router\Router.php(204): CodeIgniter\Router\Router->checkDisallowedChars('template/node_modules/@fortawesome/fontawesome-free/css/all.css')
 2 SYSTEMPATH\CodeIgniter.php(834): CodeIgniter\Router\Router->handle('template/node_modules/@fortawesome/fontawesome-free/css/all.css')
 3 SYSTEMPATH\CodeIgniter.php(457): CodeIgniter\CodeIgniter->tryToRouteIt(Object(CodeIgniter\Router\RouteCollection))
 4 SYSTEMPATH\CodeIgniter.php(355): CodeIgniter\CodeIgniter->handleRequest(null, Object(Config\Cache), false)
 5 SYSTEMPATH\Boot.php(325): CodeIgniter\CodeIgniter->run()
 6 SYSTEMPATH\Boot.php(67): CodeIgniter\Boot::runCodeIgniter(Object(CodeIgniter\CodeIgniter))
 7 FCPATH\index.php(56): CodeIgniter\Boot::bootWeb(Object(Config\Paths))
 8 SYSTEMPATH\rewrite.php(44): require_once('C:\\laragon\\www\\aabweureeka\\public\\index.php')
CRITICAL - 2025-03-24 07:46:48 --> CodeIgniter\HTTP\Exceptions\BadRequestException: The URI you submitted has disallowed characters: "@fortawesome"
[Method: GET, Route: template/node_modules/@fortawesome/fontawesome-free/css/all.css]
in SYSTEMPATH\Router\Router.php on line 737.
 1 SYSTEMPATH\Router\Router.php(204): CodeIgniter\Router\Router->checkDisallowedChars('template/node_modules/@fortawesome/fontawesome-free/css/all.css')
 2 SYSTEMPATH\CodeIgniter.php(834): CodeIgniter\Router\Router->handle('template/node_modules/@fortawesome/fontawesome-free/css/all.css')
 3 SYSTEMPATH\CodeIgniter.php(457): CodeIgniter\CodeIgniter->tryToRouteIt(Object(CodeIgniter\Router\RouteCollection))
 4 SYSTEMPATH\CodeIgniter.php(355): CodeIgniter\CodeIgniter->handleRequest(null, Object(Config\Cache), false)
 5 SYSTEMPATH\Boot.php(325): CodeIgniter\CodeIgniter->run()
 6 SYSTEMPATH\Boot.php(67): CodeIgniter\Boot::runCodeIgniter(Object(CodeIgniter\CodeIgniter))
 7 FCPATH\index.php(56): CodeIgniter\Boot::bootWeb(Object(Config\Paths))
 8 SYSTEMPATH\rewrite.php(44): require_once('C:\\laragon\\www\\aabweureeka\\public\\index.php')
INFO - 2025-03-24 08:07:37 --> Session: Class initialized using 'CodeIgniter\Session\Handlers\FileHandler' driver.
INFO - 2025-03-24 08:32:40 --> Session: Class initialized using 'CodeIgniter\Session\Handlers\FileHandler' driver.
CRITICAL - 2025-03-24 08:32:40 --> ErrorException: include(C:\laragon\www\aabweureeka\vendor\composer/../../app/Models/ModelSetupsupplier.php): Failed to open stream: No such file or directory
[Method: GET, Route: setup_persediaan/stock]
in VENDORPATH\composer\ClassLoader.php on line 571.
 1 VENDORPATH\composer\ClassLoader.php(571): CodeIgniter\Debug\Exceptions->errorHandler(2, 'include(C:\\laragon\\www\\aabweureeka\\vendor\\composer/../../app/Models/ModelSetupsupplier.php): Failed to open stream: No such file or directory', 'C:\\laragon\\www\\aabweureeka\\vendor\\composer\\ClassLoader.php', 571)
 2 VENDORPATH\composer\ClassLoader.php(571): include()
 3 VENDORPATH\composer\ClassLoader.php(428): Composer\Autoload\includeFile('C:\\laragon\\www\\aabweureeka\\vendor\\composer/../../app/Models/ModelSetupsupplier.php')
 4 APPPATH\Controllers\setup_persediaan\Stock.php(25): Composer\Autoload\ClassLoader->loadClass('App\\Models\\ModelSetupsupplier')
 5 SYSTEMPATH\CodeIgniter.php(903): App\Controllers\setup_persediaan\Stock->__construct()
 6 SYSTEMPATH\CodeIgniter.php(500): CodeIgniter\CodeIgniter->createController()
 7 SYSTEMPATH\CodeIgniter.php(355): CodeIgniter\CodeIgniter->handleRequest(null, Object(Config\Cache), false)
 8 SYSTEMPATH\Boot.php(325): CodeIgniter\CodeIgniter->run()
 9 SYSTEMPATH\Boot.php(67): CodeIgniter\Boot::runCodeIgniter(Object(CodeIgniter\CodeIgniter))
10 FCPATH\index.php(56): CodeIgniter\Boot::bootWeb(Object(Config\Paths))
11 SYSTEMPATH\rewrite.php(44): require_once('C:\\laragon\\www\\aabweureeka\\public\\index.php')
INFO - 2025-03-24 08:33:58 --> Session: Class initialized using 'CodeIgniter\Session\Handlers\FileHandler' driver.
ERROR - 2025-03-24 08:33:59 --> mysqli_sql_exception: Unknown column 'stock1.id_lokasi' in 'on clause' in C:\laragon\www\aabweureeka\vendor\codeigniter4\framework\system\Database\MySQLi\Connection.php:312
Stack trace:
#0 C:\laragon\www\aabweureeka\vendor\codeigniter4\framework\system\Database\MySQLi\Connection.php(312): mysqli->query('SELECT *\nFROM `...', 0)
#1 C:\laragon\www\aabweureeka\vendor\codeigniter4\framework\system\Database\BaseConnection.php(734): CodeIgniter\Database\MySQLi\Connection->execute('SELECT *\nFROM `...')
#2 C:\laragon\www\aabweureeka\vendor\codeigniter4\framework\system\Database\BaseConnection.php(648): CodeIgniter\Database\BaseConnection->simpleQuery('SELECT *\nFROM `...')
#3 C:\laragon\www\aabweureeka\vendor\codeigniter4\framework\system\Database\BaseBuilder.php(1644): CodeIgniter\Database\BaseConnection->query('SELECT *\nFROM `...', Array, false)
#4 C:\laragon\www\aabweureeka\app\Models\setup_persediaan\ModelStock.php(19): CodeIgniter\Database\BaseBuilder->get()
#5 C:\laragon\www\aabweureeka\app\Controllers\setup_persediaan\Stock.php(36): App\Models\setup_persediaan\ModelStock->getAll()
#6 C:\laragon\www\aabweureeka\vendor\codeigniter4\framework\system\CodeIgniter.php(933): App\Controllers\setup_persediaan\Stock->index()
#7 C:\laragon\www\aabweureeka\vendor\codeigniter4\framework\system\CodeIgniter.php(509): CodeIgniter\CodeIgniter->runController(Object(App\Controllers\setup_persediaan\Stock))
#8 C:\laragon\www\aabweureeka\vendor\codeigniter4\framework\system\CodeIgniter.php(355): CodeIgniter\CodeIgniter->handleRequest(NULL, Object(Config\Cache), false)
#9 C:\laragon\www\aabweureeka\vendor\codeigniter4\framework\system\Boot.php(325): CodeIgniter\CodeIgniter->run()
#10 C:\laragon\www\aabweureeka\vendor\codeigniter4\framework\system\Boot.php(67): CodeIgniter\Boot::runCodeIgniter(Object(CodeIgniter\CodeIgniter))
#11 C:\laragon\www\aabweureeka\public\index.php(56): CodeIgniter\Boot::bootWeb(Object(Config\Paths))
#12 C:\laragon\www\aabweureeka\vendor\codeigniter4\framework\system\rewrite.php(44): require_once('C:\\laragon\\www\\...')
#13 {main}
CRITICAL - 2025-03-24 08:33:59 --> CodeIgniter\Database\Exceptions\DatabaseException: Unknown column 'stock1.id_lokasi' in 'on clause'
[Method: GET, Route: setup_persediaan/stock]
in SYSTEMPATH\Database\BaseConnection.php on line 688.
 1 SYSTEMPATH\Database\BaseBuilder.php(1644): CodeIgniter\Database\BaseConnection->query('SELECT *
FROM `stock1`
JOIN `lokasi1` ON `lokasi1`.`id_lokasi` = `stock1`.`id_lokasi`', [], false)
 2 APPPATH\Models\setup_persediaan\ModelStock.php(19): CodeIgniter\Database\BaseBuilder->get()
 3 APPPATH\Controllers\setup_persediaan\Stock.php(36): App\Models\setup_persediaan\ModelStock->getAll()
 4 SYSTEMPATH\CodeIgniter.php(933): App\Controllers\setup_persediaan\Stock->index()
 5 SYSTEMPATH\CodeIgniter.php(509): CodeIgniter\CodeIgniter->runController(Object(App\Controllers\setup_persediaan\Stock))
 6 SYSTEMPATH\CodeIgniter.php(355): CodeIgniter\CodeIgniter->handleRequest(null, Object(Config\Cache), false)
 7 SYSTEMPATH\Boot.php(325): CodeIgniter\CodeIgniter->run()
 8 SYSTEMPATH\Boot.php(67): CodeIgniter\Boot::runCodeIgniter(Object(CodeIgniter\CodeIgniter))
 9 FCPATH\index.php(56): CodeIgniter\Boot::bootWeb(Object(Config\Paths))
10 SYSTEMPATH\rewrite.php(44): require_once('C:\\laragon\\www\\aabweureeka\\public\\index.php')
CRITICAL - 2025-03-24 08:33:59 --> [Caused by] CodeIgniter\Database\Exceptions\DatabaseException: Unknown column 'stock1.id_lokasi' in 'on clause'
in SYSTEMPATH\Database\MySQLi\Connection.php on line 317.
 1 SYSTEMPATH\Database\BaseConnection.php(734): CodeIgniter\Database\MySQLi\Connection->execute('SELECT *
FROM `stock1`
JOIN `lokasi1` ON `lokasi1`.`id_lokasi` = `stock1`.`id_lokasi`')
 2 SYSTEMPATH\Database\BaseConnection.php(648): CodeIgniter\Database\BaseConnection->simpleQuery('SELECT *
FROM `stock1`
JOIN `lokasi1` ON `lokasi1`.`id_lokasi` = `stock1`.`id_lokasi`')
 3 SYSTEMPATH\Database\BaseBuilder.php(1644): CodeIgniter\Database\BaseConnection->query('SELECT *
FROM `stock1`
JOIN `lokasi1` ON `lokasi1`.`id_lokasi` = `stock1`.`id_lokasi`', [], false)
 4 APPPATH\Models\setup_persediaan\ModelStock.php(19): CodeIgniter\Database\BaseBuilder->get()
 5 APPPATH\Controllers\setup_persediaan\Stock.php(36): App\Models\setup_persediaan\ModelStock->getAll()
 6 SYSTEMPATH\CodeIgniter.php(933): App\Controllers\setup_persediaan\Stock->index()
 7 SYSTEMPATH\CodeIgniter.php(509): CodeIgniter\CodeIgniter->runController(Object(App\Controllers\setup_persediaan\Stock))
 8 SYSTEMPATH\CodeIgniter.php(355): CodeIgniter\CodeIgniter->handleRequest(null, Object(Config\Cache), false)
 9 SYSTEMPATH\Boot.php(325): CodeIgniter\CodeIgniter->run()
10 SYSTEMPATH\Boot.php(67): CodeIgniter\Boot::runCodeIgniter(Object(CodeIgniter\CodeIgniter))
11 FCPATH\index.php(56): CodeIgniter\Boot::bootWeb(Object(Config\Paths))
12 SYSTEMPATH\rewrite.php(44): require_once('C:\\laragon\\www\\aabweureeka\\public\\index.php')
CRITICAL - 2025-03-24 08:33:59 --> [Caused by] mysqli_sql_exception: Unknown column 'stock1.id_lokasi' in 'on clause'
in SYSTEMPATH\Database\MySQLi\Connection.php on line 312.
 1 SYSTEMPATH\Database\MySQLi\Connection.php(312): mysqli->query('SELECT *
FROM `stock1`
JOIN `lokasi1` ON `lokasi1`.`id_lokasi` = `stock1`.`id_lokasi`', 0)
 2 SYSTEMPATH\Database\BaseConnection.php(734): CodeIgniter\Database\MySQLi\Connection->execute('SELECT *
FROM `stock1`
JOIN `lokasi1` ON `lokasi1`.`id_lokasi` = `stock1`.`id_lokasi`')
 3 SYSTEMPATH\Database\BaseConnection.php(648): CodeIgniter\Database\BaseConnection->simpleQuery('SELECT *
FROM `stock1`
JOIN `lokasi1` ON `lokasi1`.`id_lokasi` = `stock1`.`id_lokasi`')
 4 SYSTEMPATH\Database\BaseBuilder.php(1644): CodeIgniter\Database\BaseConnection->query('SELECT *
FROM `stock1`
JOIN `lokasi1` ON `lokasi1`.`id_lokasi` = `stock1`.`id_lokasi`', [], false)
 5 APPPATH\Models\setup_persediaan\ModelStock.php(19): CodeIgniter\Database\BaseBuilder->get()
 6 APPPATH\Controllers\setup_persediaan\Stock.php(36): App\Models\setup_persediaan\ModelStock->getAll()
 7 SYSTEMPATH\CodeIgniter.php(933): App\Controllers\setup_persediaan\Stock->index()
 8 SYSTEMPATH\CodeIgniter.php(509): CodeIgniter\CodeIgniter->runController(Object(App\Controllers\setup_persediaan\Stock))
 9 SYSTEMPATH\CodeIgniter.php(355): CodeIgniter\CodeIgniter->handleRequest(null, Object(Config\Cache), false)
10 SYSTEMPATH\Boot.php(325): CodeIgniter\CodeIgniter->run()
11 SYSTEMPATH\Boot.php(67): CodeIgniter\Boot::runCodeIgniter(Object(CodeIgniter\CodeIgniter))
12 FCPATH\index.php(56): CodeIgniter\Boot::bootWeb(Object(Config\Paths))
13 SYSTEMPATH\rewrite.php(44): require_once('C:\\laragon\\www\\aabweureeka\\public\\index.php')
INFO - 2025-03-24 08:38:29 --> Session: Class initialized using 'CodeIgniter\Session\Handlers\FileHandler' driver.
ERROR - 2025-03-24 08:38:29 --> mysqli_sql_exception: Unknown column 'stock1.id_lokasi' in 'on clause' in C:\laragon\www\aabweureeka\vendor\codeigniter4\framework\system\Database\MySQLi\Connection.php:312
Stack trace:
#0 C:\laragon\www\aabweureeka\vendor\codeigniter4\framework\system\Database\MySQLi\Connection.php(312): mysqli->query('SELECT *\nFROM `...', 0)
#1 C:\laragon\www\aabweureeka\vendor\codeigniter4\framework\system\Database\BaseConnection.php(734): CodeIgniter\Database\MySQLi\Connection->execute('SELECT *\nFROM `...')
#2 C:\laragon\www\aabweureeka\vendor\codeigniter4\framework\system\Database\BaseConnection.php(648): CodeIgniter\Database\BaseConnection->simpleQuery('SELECT *\nFROM `...')
#3 C:\laragon\www\aabweureeka\vendor\codeigniter4\framework\system\Database\BaseBuilder.php(1644): CodeIgniter\Database\BaseConnection->query('SELECT *\nFROM `...', Array, false)
#4 C:\laragon\www\aabweureeka\app\Models\setup_persediaan\ModelStock.php(19): CodeIgniter\Database\BaseBuilder->get()
#5 C:\laragon\www\aabweureeka\app\Controllers\setup_persediaan\Stock.php(36): App\Models\setup_persediaan\ModelStock->getAll()
#6 C:\laragon\www\aabweureeka\vendor\codeigniter4\framework\system\CodeIgniter.php(933): App\Controllers\setup_persediaan\Stock->index()
#7 C:\laragon\www\aabweureeka\vendor\codeigniter4\framework\system\CodeIgniter.php(509): CodeIgniter\CodeIgniter->runController(Object(App\Controllers\setup_persediaan\Stock))
#8 C:\laragon\www\aabweureeka\vendor\codeigniter4\framework\system\CodeIgniter.php(355): CodeIgniter\CodeIgniter->handleRequest(NULL, Object(Config\Cache), false)
#9 C:\laragon\www\aabweureeka\vendor\codeigniter4\framework\system\Boot.php(325): CodeIgniter\CodeIgniter->run()
#10 C:\laragon\www\aabweureeka\vendor\codeigniter4\framework\system\Boot.php(67): CodeIgniter\Boot::runCodeIgniter(Object(CodeIgniter\CodeIgniter))
#11 C:\laragon\www\aabweureeka\public\index.php(56): CodeIgniter\Boot::bootWeb(Object(Config\Paths))
#12 C:\laragon\www\aabweureeka\vendor\codeigniter4\framework\system\rewrite.php(44): require_once('C:\\laragon\\www\\...')
#13 {main}
CRITICAL - 2025-03-24 08:38:29 --> CodeIgniter\Database\Exceptions\DatabaseException: Unknown column 'stock1.id_lokasi' in 'on clause'
[Method: GET, Route: setup_persediaan/stock]
in SYSTEMPATH\Database\BaseConnection.php on line 688.
 1 SYSTEMPATH\Database\BaseBuilder.php(1644): CodeIgniter\Database\BaseConnection->query('SELECT *
FROM `stock1`
JOIN `lokasi1` ON `lokasi1`.`id_lokasi` = `stock1`.`id_lokasi`', [], false)
 2 APPPATH\Models\setup_persediaan\ModelStock.php(19): CodeIgniter\Database\BaseBuilder->get()
 3 APPPATH\Controllers\setup_persediaan\Stock.php(36): App\Models\setup_persediaan\ModelStock->getAll()
 4 SYSTEMPATH\CodeIgniter.php(933): App\Controllers\setup_persediaan\Stock->index()
 5 SYSTEMPATH\CodeIgniter.php(509): CodeIgniter\CodeIgniter->runController(Object(App\Controllers\setup_persediaan\Stock))
 6 SYSTEMPATH\CodeIgniter.php(355): CodeIgniter\CodeIgniter->handleRequest(null, Object(Config\Cache), false)
 7 SYSTEMPATH\Boot.php(325): CodeIgniter\CodeIgniter->run()
 8 SYSTEMPATH\Boot.php(67): CodeIgniter\Boot::runCodeIgniter(Object(CodeIgniter\CodeIgniter))
 9 FCPATH\index.php(56): CodeIgniter\Boot::bootWeb(Object(Config\Paths))
10 SYSTEMPATH\rewrite.php(44): require_once('C:\\laragon\\www\\aabweureeka\\public\\index.php')
CRITICAL - 2025-03-24 08:38:29 --> [Caused by] CodeIgniter\Database\Exceptions\DatabaseException: Unknown column 'stock1.id_lokasi' in 'on clause'
in SYSTEMPATH\Database\MySQLi\Connection.php on line 317.
 1 SYSTEMPATH\Database\BaseConnection.php(734): CodeIgniter\Database\MySQLi\Connection->execute('SELECT *
FROM `stock1`
JOIN `lokasi1` ON `lokasi1`.`id_lokasi` = `stock1`.`id_lokasi`')
 2 SYSTEMPATH\Database\BaseConnection.php(648): CodeIgniter\Database\BaseConnection->simpleQuery('SELECT *
FROM `stock1`
JOIN `lokasi1` ON `lokasi1`.`id_lokasi` = `stock1`.`id_lokasi`')
 3 SYSTEMPATH\Database\BaseBuilder.php(1644): CodeIgniter\Database\BaseConnection->query('SELECT *
FROM `stock1`
JOIN `lokasi1` ON `lokasi1`.`id_lokasi` = `stock1`.`id_lokasi`', [], false)
 4 APPPATH\Models\setup_persediaan\ModelStock.php(19): CodeIgniter\Database\BaseBuilder->get()
 5 APPPATH\Controllers\setup_persediaan\Stock.php(36): App\Models\setup_persediaan\ModelStock->getAll()
 6 SYSTEMPATH\CodeIgniter.php(933): App\Controllers\setup_persediaan\Stock->index()
 7 SYSTEMPATH\CodeIgniter.php(509): CodeIgniter\CodeIgniter->runController(Object(App\Controllers\setup_persediaan\Stock))
 8 SYSTEMPATH\CodeIgniter.php(355): CodeIgniter\CodeIgniter->handleRequest(null, Object(Config\Cache), false)
 9 SYSTEMPATH\Boot.php(325): CodeIgniter\CodeIgniter->run()
10 SYSTEMPATH\Boot.php(67): CodeIgniter\Boot::runCodeIgniter(Object(CodeIgniter\CodeIgniter))
11 FCPATH\index.php(56): CodeIgniter\Boot::bootWeb(Object(Config\Paths))
12 SYSTEMPATH\rewrite.php(44): require_once('C:\\laragon\\www\\aabweureeka\\public\\index.php')
CRITICAL - 2025-03-24 08:38:29 --> [Caused by] mysqli_sql_exception: Unknown column 'stock1.id_lokasi' in 'on clause'
in SYSTEMPATH\Database\MySQLi\Connection.php on line 312.
 1 SYSTEMPATH\Database\MySQLi\Connection.php(312): mysqli->query('SELECT *
FROM `stock1`
JOIN `lokasi1` ON `lokasi1`.`id_lokasi` = `stock1`.`id_lokasi`', 0)
 2 SYSTEMPATH\Database\BaseConnection.php(734): CodeIgniter\Database\MySQLi\Connection->execute('SELECT *
FROM `stock1`
JOIN `lokasi1` ON `lokasi1`.`id_lokasi` = `stock1`.`id_lokasi`')
 3 SYSTEMPATH\Database\BaseConnection.php(648): CodeIgniter\Database\BaseConnection->simpleQuery('SELECT *
FROM `stock1`
JOIN `lokasi1` ON `lokasi1`.`id_lokasi` = `stock1`.`id_lokasi`')
 4 SYSTEMPATH\Database\BaseBuilder.php(1644): CodeIgniter\Database\BaseConnection->query('SELECT *
FROM `stock1`
JOIN `lokasi1` ON `lokasi1`.`id_lokasi` = `stock1`.`id_lokasi`', [], false)
 5 APPPATH\Models\setup_persediaan\ModelStock.php(19): CodeIgniter\Database\BaseBuilder->get()
 6 APPPATH\Controllers\setup_persediaan\Stock.php(36): App\Models\setup_persediaan\ModelStock->getAll()
 7 SYSTEMPATH\CodeIgniter.php(933): App\Controllers\setup_persediaan\Stock->index()
 8 SYSTEMPATH\CodeIgniter.php(509): CodeIgniter\CodeIgniter->runController(Object(App\Controllers\setup_persediaan\Stock))
 9 SYSTEMPATH\CodeIgniter.php(355): CodeIgniter\CodeIgniter->handleRequest(null, Object(Config\Cache), false)
10 SYSTEMPATH\Boot.php(325): CodeIgniter\CodeIgniter->run()
11 SYSTEMPATH\Boot.php(67): CodeIgniter\Boot::runCodeIgniter(Object(CodeIgniter\CodeIgniter))
12 FCPATH\index.php(56): CodeIgniter\Boot::bootWeb(Object(Config\Paths))
13 SYSTEMPATH\rewrite.php(44): require_once('C:\\laragon\\www\\aabweureeka\\public\\index.php')
INFO - 2025-03-24 08:45:53 --> Session: Class initialized using 'CodeIgniter\Session\Handlers\FileHandler' driver.
CRITICAL - 2025-03-24 08:45:53 --> ErrorException: Cannot use empty array elements in arrays
[Method: GET, Route: setup_persediaan/stock]
in APPPATH\Models\setup_persediaan\ModelStock.php on line 12.
 1 [internal function]: CodeIgniter\Debug\Exceptions->shutdownHandler()
INFO - 2025-03-24 08:46:05 --> Session: Class initialized using 'CodeIgniter\Session\Handlers\FileHandler' driver.
CRITICAL - 2025-03-24 08:46:05 --> ErrorException: Undefined variable $dtstock
[Method: GET, Route: setup_persediaan/stock]
in APPPATH\Views\setup_persediaan\stock\index.php on line 55.
 1 APPPATH\Views\setup_persediaan\stock\index.php(55): CodeIgniter\Debug\Exceptions->errorHandler(2, 'Undefined variable $dtstock', 'C:\\laragon\\www\\aabweureeka\\app\\Views\\setup_persediaan\\stock\\index.php', 55)
 2 SYSTEMPATH\View\View.php(234): include('C:\\laragon\\www\\aabweureeka\\app\\Views\\setup_persediaan\\stock\\index.php')
 3 SYSTEMPATH\View\View.php(237): CodeIgniter\View\View->CodeIgniter\View\{closure}()
 4 SYSTEMPATH\Common.php(1169): CodeIgniter\View\View->render('setup_persediaan/stock/index', [], true)
 5 APPPATH\Controllers\setup_persediaan\Stock.php(36): view('setup_persediaan/stock/index')
 6 SYSTEMPATH\CodeIgniter.php(933): App\Controllers\setup_persediaan\Stock->index()
 7 SYSTEMPATH\CodeIgniter.php(509): CodeIgniter\CodeIgniter->runController(Object(App\Controllers\setup_persediaan\Stock))
 8 SYSTEMPATH\CodeIgniter.php(355): CodeIgniter\CodeIgniter->handleRequest(null, Object(Config\Cache), false)
 9 SYSTEMPATH\Boot.php(325): CodeIgniter\CodeIgniter->run()
10 SYSTEMPATH\Boot.php(67): CodeIgniter\Boot::runCodeIgniter(Object(CodeIgniter\CodeIgniter))
11 FCPATH\index.php(56): CodeIgniter\Boot::bootWeb(Object(Config\Paths))
12 SYSTEMPATH\rewrite.php(44): require_once('C:\\laragon\\www\\aabweureeka\\public\\index.php')
INFO - 2025-03-24 08:47:01 --> Session: Class initialized using 'CodeIgniter\Session\Handlers\FileHandler' driver.
CRITICAL - 2025-03-24 08:47:01 --> ErrorException: foreach() argument must be of type array|object, string given
[Method: GET, Route: setup_persediaan/stock]
in APPPATH\Views\setup_persediaan\stock\index.php on line 55.
 1 APPPATH\Views\setup_persediaan\stock\index.php(55): CodeIgniter\Debug\Exceptions->errorHandler(2, 'foreach() argument must be of type array|object, string given', 'C:\\laragon\\www\\aabweureeka\\app\\Views\\setup_persediaan\\stock\\index.php', 55)
 2 SYSTEMPATH\View\View.php(234): include('C:\\laragon\\www\\aabweureeka\\app\\Views\\setup_persediaan\\stock\\index.php')
 3 SYSTEMPATH\View\View.php(237): CodeIgniter\View\View->CodeIgniter\View\{closure}()
 4 SYSTEMPATH\Common.php(1169): CodeIgniter\View\View->render('setup_persediaan/stock/index', [], true)
 5 APPPATH\Controllers\setup_persediaan\Stock.php(37): view('setup_persediaan/stock/index', [...])
 6 SYSTEMPATH\CodeIgniter.php(933): App\Controllers\setup_persediaan\Stock->index()
 7 SYSTEMPATH\CodeIgniter.php(509): CodeIgniter\CodeIgniter->runController(Object(App\Controllers\setup_persediaan\Stock))
 8 SYSTEMPATH\CodeIgniter.php(355): CodeIgniter\CodeIgniter->handleRequest(null, Object(Config\Cache), false)
 9 SYSTEMPATH\Boot.php(325): CodeIgniter\CodeIgniter->run()
10 SYSTEMPATH\Boot.php(67): CodeIgniter\Boot::runCodeIgniter(Object(CodeIgniter\CodeIgniter))
11 FCPATH\index.php(56): CodeIgniter\Boot::bootWeb(Object(Config\Paths))
12 SYSTEMPATH\rewrite.php(44): require_once('C:\\laragon\\www\\aabweureeka\\public\\index.php')
INFO - 2025-03-24 08:47:06 --> Session: Class initialized using 'CodeIgniter\Session\Handlers\FileHandler' driver.
INFO - 2025-03-24 08:47:54 --> Session: Class initialized using 'CodeIgniter\Session\Handlers\FileHandler' driver.
INFO - 2025-03-24 08:48:24 --> Session: Class initialized using 'CodeIgniter\Session\Handlers\FileHandler' driver.
INFO - 2025-03-24 08:49:54 --> Session: Class initialized using 'CodeIgniter\Session\Handlers\FileHandler' driver.
INFO - 2025-03-24 08:51:43 --> Session: Class initialized using 'CodeIgniter\Session\Handlers\FileHandler' driver.
INFO - 2025-03-24 08:51:50 --> Session: Class initialized using 'CodeIgniter\Session\Handlers\FileHandler' driver.
INFO - 2025-03-24 08:53:15 --> Session: Class initialized using 'CodeIgniter\Session\Handlers\FileHandler' driver.
INFO - 2025-03-24 08:55:38 --> Session: Class initialized using 'CodeIgniter\Session\Handlers\FileHandler' driver.
INFO - 2025-03-24 08:57:12 --> Session: Class initialized using 'CodeIgniter\Session\Handlers\FileHandler' driver.
INFO - 2025-03-24 08:57:24 --> Session: Class initialized using 'CodeIgniter\Session\Handlers\FileHandler' driver.
INFO - 2025-03-24 09:03:33 --> Session: Class initialized using 'CodeIgniter\Session\Handlers\FileHandler' driver.
INFO - 2025-03-24 09:05:05 --> Session: Class initialized using 'CodeIgniter\Session\Handlers\FileHandler' driver.
INFO - 2025-03-24 09:05:41 --> Session: Class initialized using 'CodeIgniter\Session\Handlers\FileHandler' driver.
INFO - 2025-03-24 09:06:04 --> Session: Class initialized using 'CodeIgniter\Session\Handlers\FileHandler' driver.
INFO - 2025-03-24 09:06:11 --> Session: Class initialized using 'CodeIgniter\Session\Handlers\FileHandler' driver.
INFO - 2025-03-24 09:06:28 --> Session: Class initialized using 'CodeIgniter\Session\Handlers\FileHandler' driver.
INFO - 2025-03-24 09:07:15 --> Session: Class initialized using 'CodeIgniter\Session\Handlers\FileHandler' driver.
INFO - 2025-03-24 09:07:33 --> Session: Class initialized using 'CodeIgniter\Session\Handlers\FileHandler' driver.
INFO - 2025-03-24 09:57:53 --> Session: Class initialized using 'CodeIgniter\Session\Handlers\FileHandler' driver.
INFO - 2025-03-24 09:58:18 --> Session: Class initialized using 'CodeIgniter\Session\Handlers\FileHandler' driver.
INFO - 2025-03-24 09:58:48 --> Session: Class initialized using 'CodeIgniter\Session\Handlers\FileHandler' driver.
INFO - 2025-03-24 09:59:02 --> Session: Class initialized using 'CodeIgniter\Session\Handlers\FileHandler' driver.
INFO - 2025-03-24 09:59:13 --> Session: Class initialized using 'CodeIgniter\Session\Handlers\FileHandler' driver.
INFO - 2025-03-24 09:59:39 --> Session: Class initialized using 'CodeIgniter\Session\Handlers\FileHandler' driver.
INFO - 2025-03-24 09:59:46 --> Session: Class initialized using 'CodeIgniter\Session\Handlers\FileHandler' driver.
INFO - 2025-03-24 09:59:49 --> Session: Class initialized using 'CodeIgniter\Session\Handlers\FileHandler' driver.
INFO - 2025-03-24 10:06:12 --> Session: Class initialized using 'CodeIgniter\Session\Handlers\FileHandler' driver.
ERROR - 2025-03-24 10:06:12 --> mysqli_sql_exception: Not unique table/alias: 'satuan1' in C:\laragon\www\aabweureeka\vendor\codeigniter4\framework\system\Database\MySQLi\Connection.php:312
Stack trace:
#0 C:\laragon\www\aabweureeka\vendor\codeigniter4\framework\system\Database\MySQLi\Connection.php(312): mysqli->query('SELECT `stock1`...', 0)
#1 C:\laragon\www\aabweureeka\vendor\codeigniter4\framework\system\Database\BaseConnection.php(734): CodeIgniter\Database\MySQLi\Connection->execute('SELECT `stock1`...')
#2 C:\laragon\www\aabweureeka\vendor\codeigniter4\framework\system\Database\BaseConnection.php(648): CodeIgniter\Database\BaseConnection->simpleQuery('SELECT `stock1`...')
#3 C:\laragon\www\aabweureeka\vendor\codeigniter4\framework\system\Database\BaseBuilder.php(1644): CodeIgniter\Database\BaseConnection->query('SELECT `stock1`...', Array, false)
#4 C:\laragon\www\aabweureeka\vendor\codeigniter4\framework\system\Model.php(286): CodeIgniter\Database\BaseBuilder->get()
#5 C:\laragon\www\aabweureeka\vendor\codeigniter4\framework\system\BaseModel.php(676): CodeIgniter\Model->doFindAll(0, 0)
#6 C:\laragon\www\aabweureeka\app\Models\setup_persediaan\ModelStock.php(33): CodeIgniter\BaseModel->findAll()
#7 C:\laragon\www\aabweureeka\app\Controllers\setup_persediaan\Stock.php(36): App\Models\setup_persediaan\ModelStock->getStockWithRelations()
#8 C:\laragon\www\aabweureeka\vendor\codeigniter4\framework\system\CodeIgniter.php(933): App\Controllers\setup_persediaan\Stock->index()
#9 C:\laragon\www\aabweureeka\vendor\codeigniter4\framework\system\CodeIgniter.php(509): CodeIgniter\CodeIgniter->runController(Object(App\Controllers\setup_persediaan\Stock))
#10 C:\laragon\www\aabweureeka\vendor\codeigniter4\framework\system\CodeIgniter.php(355): CodeIgniter\CodeIgniter->handleRequest(NULL, Object(Config\Cache), false)
#11 C:\laragon\www\aabweureeka\vendor\codeigniter4\framework\system\Boot.php(325): CodeIgniter\CodeIgniter->run()
#12 C:\laragon\www\aabweureeka\vendor\codeigniter4\framework\system\Boot.php(67): CodeIgniter\Boot::runCodeIgniter(Object(CodeIgniter\CodeIgniter))
#13 C:\laragon\www\aabweureeka\public\index.php(56): CodeIgniter\Boot::bootWeb(Object(Config\Paths))
#14 C:\laragon\www\aabweureeka\vendor\codeigniter4\framework\system\rewrite.php(44): require_once('C:\\laragon\\www\\...')
#15 {main}
CRITICAL - 2025-03-24 10:06:12 --> CodeIgniter\Database\Exceptions\DatabaseException: Not unique table/alias: 'satuan1'
[Method: GET, Route: setup_persediaan/stock]
in SYSTEMPATH\Database\BaseConnection.php on line 688.
 1 SYSTEMPATH\Database\BaseBuilder.php(1644): CodeIgniter\Database\BaseConnection->query('SELECT `stock1`.*, `group1`.`nama_group`, `kelompok1`.`nama_kelompok`, `satuan1`.`kode_satuan`, `satuan1`.`kode_satuan`, `setupsupplier1`.`nama` as `nama_setupsupplier`
FROM `stock1`
LEFT JOIN `group1` ON `group1`.`id_group` = `stock1`.`id_group`
LEFT JOIN `kelompok1` ON `kelompok1`.`id_kelompok` = `stock1`.`id_kelompok`
LEFT JOIN `setupsupplier1` ON `setupsupplier1`.`id_setupsupplier` = `stock1`.`id_setupsupplier`
LEFT JOIN `satuan1` ON `satuan1`.`id_satuan` = `stock1`.`id_satuan`
LEFT JOIN `satuan1` ON `satuan1`.`id_satuan` = `stock1`.`id_satuan2`', [], false)
 2 SYSTEMPATH\Model.php(286): CodeIgniter\Database\BaseBuilder->get()
 3 SYSTEMPATH\BaseModel.php(676): CodeIgniter\Model->doFindAll(0, 0)
 4 APPPATH\Models\setup_persediaan\ModelStock.php(33): CodeIgniter\BaseModel->findAll()
 5 APPPATH\Controllers\setup_persediaan\Stock.php(36): App\Models\setup_persediaan\ModelStock->getStockWithRelations()
 6 SYSTEMPATH\CodeIgniter.php(933): App\Controllers\setup_persediaan\Stock->index()
 7 SYSTEMPATH\CodeIgniter.php(509): CodeIgniter\CodeIgniter->runController(Object(App\Controllers\setup_persediaan\Stock))
 8 SYSTEMPATH\CodeIgniter.php(355): CodeIgniter\CodeIgniter->handleRequest(null, Object(Config\Cache), false)
 9 SYSTEMPATH\Boot.php(325): CodeIgniter\CodeIgniter->run()
10 SYSTEMPATH\Boot.php(67): CodeIgniter\Boot::runCodeIgniter(Object(CodeIgniter\CodeIgniter))
11 FCPATH\index.php(56): CodeIgniter\Boot::bootWeb(Object(Config\Paths))
12 SYSTEMPATH\rewrite.php(44): require_once('C:\\laragon\\www\\aabweureeka\\public\\index.php')
CRITICAL - 2025-03-24 10:06:12 --> [Caused by] CodeIgniter\Database\Exceptions\DatabaseException: Not unique table/alias: 'satuan1'
in SYSTEMPATH\Database\MySQLi\Connection.php on line 317.
 1 SYSTEMPATH\Database\BaseConnection.php(734): CodeIgniter\Database\MySQLi\Connection->execute('SELECT `stock1`.*, `group1`.`nama_group`, `kelompok1`.`nama_kelompok`, `satuan1`.`kode_satuan`, `satuan1`.`kode_satuan`, `setupsupplier1`.`nama` as `nama_setupsupplier`
FROM `stock1`
LEFT JOIN `group1` ON `group1`.`id_group` = `stock1`.`id_group`
LEFT JOIN `kelompok1` ON `kelompok1`.`id_kelompok` = `stock1`.`id_kelompok`
LEFT JOIN `setupsupplier1` ON `setupsupplier1`.`id_setupsupplier` = `stock1`.`id_setupsupplier`
LEFT JOIN `satuan1` ON `satuan1`.`id_satuan` = `stock1`.`id_satuan`
LEFT JOIN `satuan1` ON `satuan1`.`id_satuan` = `stock1`.`id_satuan2`')
 2 SYSTEMPATH\Database\BaseConnection.php(648): CodeIgniter\Database\BaseConnection->simpleQuery('SELECT `stock1`.*, `group1`.`nama_group`, `kelompok1`.`nama_kelompok`, `satuan1`.`kode_satuan`, `satuan1`.`kode_satuan`, `setupsupplier1`.`nama` as `nama_setupsupplier`
FROM `stock1`
LEFT JOIN `group1` ON `group1`.`id_group` = `stock1`.`id_group`
LEFT JOIN `kelompok1` ON `kelompok1`.`id_kelompok` = `stock1`.`id_kelompok`
LEFT JOIN `setupsupplier1` ON `setupsupplier1`.`id_setupsupplier` = `stock1`.`id_setupsupplier`
LEFT JOIN `satuan1` ON `satuan1`.`id_satuan` = `stock1`.`id_satuan`
LEFT JOIN `satuan1` ON `satuan1`.`id_satuan` = `stock1`.`id_satuan2`')
 3 SYSTEMPATH\Database\BaseBuilder.php(1644): CodeIgniter\Database\BaseConnection->query('SELECT `stock1`.*, `group1`.`nama_group`, `kelompok1`.`nama_kelompok`, `satuan1`.`kode_satuan`, `satuan1`.`kode_satuan`, `setupsupplier1`.`nama` as `nama_setupsupplier`
FROM `stock1`
LEFT JOIN `group1` ON `group1`.`id_group` = `stock1`.`id_group`
LEFT JOIN `kelompok1` ON `kelompok1`.`id_kelompok` = `stock1`.`id_kelompok`
LEFT JOIN `setupsupplier1` ON `setupsupplier1`.`id_setupsupplier` = `stock1`.`id_setupsupplier`
LEFT JOIN `satuan1` ON `satuan1`.`id_satuan` = `stock1`.`id_satuan`
LEFT JOIN `satuan1` ON `satuan1`.`id_satuan` = `stock1`.`id_satuan2`', [], false)
 4 SYSTEMPATH\Model.php(286): CodeIgniter\Database\BaseBuilder->get()
 5 SYSTEMPATH\BaseModel.php(676): CodeIgniter\Model->doFindAll(0, 0)
 6 APPPATH\Models\setup_persediaan\ModelStock.php(33): CodeIgniter\BaseModel->findAll()
 7 APPPATH\Controllers\setup_persediaan\Stock.php(36): App\Models\setup_persediaan\ModelStock->getStockWithRelations()
 8 SYSTEMPATH\CodeIgniter.php(933): App\Controllers\setup_persediaan\Stock->index()
 9 SYSTEMPATH\CodeIgniter.php(509): CodeIgniter\CodeIgniter->runController(Object(App\Controllers\setup_persediaan\Stock))
10 SYSTEMPATH\CodeIgniter.php(355): CodeIgniter\CodeIgniter->handleRequest(null, Object(Config\Cache), false)
11 SYSTEMPATH\Boot.php(325): CodeIgniter\CodeIgniter->run()
12 SYSTEMPATH\Boot.php(67): CodeIgniter\Boot::runCodeIgniter(Object(CodeIgniter\CodeIgniter))
13 FCPATH\index.php(56): CodeIgniter\Boot::bootWeb(Object(Config\Paths))
14 SYSTEMPATH\rewrite.php(44): require_once('C:\\laragon\\www\\aabweureeka\\public\\index.php')
CRITICAL - 2025-03-24 10:06:12 --> [Caused by] mysqli_sql_exception: Not unique table/alias: 'satuan1'
in SYSTEMPATH\Database\MySQLi\Connection.php on line 312.
 1 SYSTEMPATH\Database\MySQLi\Connection.php(312): mysqli->query('SELECT `stock1`.*, `group1`.`nama_group`, `kelompok1`.`nama_kelompok`, `satuan1`.`kode_satuan`, `satuan1`.`kode_satuan`, `setupsupplier1`.`nama` as `nama_setupsupplier`
FROM `stock1`
LEFT JOIN `group1` ON `group1`.`id_group` = `stock1`.`id_group`
LEFT JOIN `kelompok1` ON `kelompok1`.`id_kelompok` = `stock1`.`id_kelompok`
LEFT JOIN `setupsupplier1` ON `setupsupplier1`.`id_setupsupplier` = `stock1`.`id_setupsupplier`
LEFT JOIN `satuan1` ON `satuan1`.`id_satuan` = `stock1`.`id_satuan`
LEFT JOIN `satuan1` ON `satuan1`.`id_satuan` = `stock1`.`id_satuan2`', 0)
 2 SYSTEMPATH\Database\BaseConnection.php(734): CodeIgniter\Database\MySQLi\Connection->execute('SELECT `stock1`.*, `group1`.`nama_group`, `kelompok1`.`nama_kelompok`, `satuan1`.`kode_satuan`, `satuan1`.`kode_satuan`, `setupsupplier1`.`nama` as `nama_setupsupplier`
FROM `stock1`
LEFT JOIN `group1` ON `group1`.`id_group` = `stock1`.`id_group`
LEFT JOIN `kelompok1` ON `kelompok1`.`id_kelompok` = `stock1`.`id_kelompok`
LEFT JOIN `setupsupplier1` ON `setupsupplier1`.`id_setupsupplier` = `stock1`.`id_setupsupplier`
LEFT JOIN `satuan1` ON `satuan1`.`id_satuan` = `stock1`.`id_satuan`
LEFT JOIN `satuan1` ON `satuan1`.`id_satuan` = `stock1`.`id_satuan2`')
 3 SYSTEMPATH\Database\BaseConnection.php(648): CodeIgniter\Database\BaseConnection->simpleQuery('SELECT `stock1`.*, `group1`.`nama_group`, `kelompok1`.`nama_kelompok`, `satuan1`.`kode_satuan`, `satuan1`.`kode_satuan`, `setupsupplier1`.`nama` as `nama_setupsupplier`
FROM `stock1`
LEFT JOIN `group1` ON `group1`.`id_group` = `stock1`.`id_group`
LEFT JOIN `kelompok1` ON `kelompok1`.`id_kelompok` = `stock1`.`id_kelompok`
LEFT JOIN `setupsupplier1` ON `setupsupplier1`.`id_setupsupplier` = `stock1`.`id_setupsupplier`
LEFT JOIN `satuan1` ON `satuan1`.`id_satuan` = `stock1`.`id_satuan`
LEFT JOIN `satuan1` ON `satuan1`.`id_satuan` = `stock1`.`id_satuan2`')
 4 SYSTEMPATH\Database\BaseBuilder.php(1644): CodeIgniter\Database\BaseConnection->query('SELECT `stock1`.*, `group1`.`nama_group`, `kelompok1`.`nama_kelompok`, `satuan1`.`kode_satuan`, `satuan1`.`kode_satuan`, `setupsupplier1`.`nama` as `nama_setupsupplier`
FROM `stock1`
LEFT JOIN `group1` ON `group1`.`id_group` = `stock1`.`id_group`
LEFT JOIN `kelompok1` ON `kelompok1`.`id_kelompok` = `stock1`.`id_kelompok`
LEFT JOIN `setupsupplier1` ON `setupsupplier1`.`id_setupsupplier` = `stock1`.`id_setupsupplier`
LEFT JOIN `satuan1` ON `satuan1`.`id_satuan` = `stock1`.`id_satuan`
LEFT JOIN `satuan1` ON `satuan1`.`id_satuan` = `stock1`.`id_satuan2`', [], false)
 5 SYSTEMPATH\Model.php(286): CodeIgniter\Database\BaseBuilder->get()
 6 SYSTEMPATH\BaseModel.php(676): CodeIgniter\Model->doFindAll(0, 0)
 7 APPPATH\Models\setup_persediaan\ModelStock.php(33): CodeIgniter\BaseModel->findAll()
 8 APPPATH\Controllers\setup_persediaan\Stock.php(36): App\Models\setup_persediaan\ModelStock->getStockWithRelations()
 9 SYSTEMPATH\CodeIgniter.php(933): App\Controllers\setup_persediaan\Stock->index()
10 SYSTEMPATH\CodeIgniter.php(509): CodeIgniter\CodeIgniter->runController(Object(App\Controllers\setup_persediaan\Stock))
11 SYSTEMPATH\CodeIgniter.php(355): CodeIgniter\CodeIgniter->handleRequest(null, Object(Config\Cache), false)
12 SYSTEMPATH\Boot.php(325): CodeIgniter\CodeIgniter->run()
13 SYSTEMPATH\Boot.php(67): CodeIgniter\Boot::runCodeIgniter(Object(CodeIgniter\CodeIgniter))
14 FCPATH\index.php(56): CodeIgniter\Boot::bootWeb(Object(Config\Paths))
15 SYSTEMPATH\rewrite.php(44): require_once('C:\\laragon\\www\\aabweureeka\\public\\index.php')
INFO - 2025-03-24 10:07:23 --> Session: Class initialized using 'CodeIgniter\Session\Handlers\FileHandler' driver.
ERROR - 2025-03-24 10:07:23 --> mysqli_sql_exception: Not unique table/alias: 'satuan1' in C:\laragon\www\aabweureeka\vendor\codeigniter4\framework\system\Database\MySQLi\Connection.php:312
Stack trace:
#0 C:\laragon\www\aabweureeka\vendor\codeigniter4\framework\system\Database\MySQLi\Connection.php(312): mysqli->query('SELECT `stock1`...', 0)
#1 C:\laragon\www\aabweureeka\vendor\codeigniter4\framework\system\Database\BaseConnection.php(734): CodeIgniter\Database\MySQLi\Connection->execute('SELECT `stock1`...')
#2 C:\laragon\www\aabweureeka\vendor\codeigniter4\framework\system\Database\BaseConnection.php(648): CodeIgniter\Database\BaseConnection->simpleQuery('SELECT `stock1`...')
#3 C:\laragon\www\aabweureeka\vendor\codeigniter4\framework\system\Database\BaseBuilder.php(1644): CodeIgniter\Database\BaseConnection->query('SELECT `stock1`...', Array, false)
#4 C:\laragon\www\aabweureeka\vendor\codeigniter4\framework\system\Model.php(286): CodeIgniter\Database\BaseBuilder->get()
#5 C:\laragon\www\aabweureeka\vendor\codeigniter4\framework\system\BaseModel.php(676): CodeIgniter\Model->doFindAll(0, 0)
#6 C:\laragon\www\aabweureeka\app\Models\setup_persediaan\ModelStock.php(33): CodeIgniter\BaseModel->findAll()
#7 C:\laragon\www\aabweureeka\app\Controllers\setup_persediaan\Stock.php(36): App\Models\setup_persediaan\ModelStock->getStockWithRelations()
#8 C:\laragon\www\aabweureeka\vendor\codeigniter4\framework\system\CodeIgniter.php(933): App\Controllers\setup_persediaan\Stock->index()
#9 C:\laragon\www\aabweureeka\vendor\codeigniter4\framework\system\CodeIgniter.php(509): CodeIgniter\CodeIgniter->runController(Object(App\Controllers\setup_persediaan\Stock))
#10 C:\laragon\www\aabweureeka\vendor\codeigniter4\framework\system\CodeIgniter.php(355): CodeIgniter\CodeIgniter->handleRequest(NULL, Object(Config\Cache), false)
#11 C:\laragon\www\aabweureeka\vendor\codeigniter4\framework\system\Boot.php(325): CodeIgniter\CodeIgniter->run()
#12 C:\laragon\www\aabweureeka\vendor\codeigniter4\framework\system\Boot.php(67): CodeIgniter\Boot::runCodeIgniter(Object(CodeIgniter\CodeIgniter))
#13 C:\laragon\www\aabweureeka\public\index.php(56): CodeIgniter\Boot::bootWeb(Object(Config\Paths))
#14 C:\laragon\www\aabweureeka\vendor\codeigniter4\framework\system\rewrite.php(44): require_once('C:\\laragon\\www\\...')
#15 {main}
CRITICAL - 2025-03-24 10:07:23 --> CodeIgniter\Database\Exceptions\DatabaseException: Not unique table/alias: 'satuan1'
[Method: GET, Route: setup_persediaan/stock]
in SYSTEMPATH\Database\BaseConnection.php on line 688.
 1 SYSTEMPATH\Database\BaseBuilder.php(1644): CodeIgniter\Database\BaseConnection->query('SELECT `stock1`.*, `group1`.`nama_group`, `kelompok1`.`nama_kelompok`, `satuan1`.`kode_satuan`, `satuan1`.`kode_satuan` as `kode_satuan2`, `setupsupplier1`.`nama` as `nama_setupsupplier`
FROM `stock1`
LEFT JOIN `group1` ON `group1`.`id_group` = `stock1`.`id_group`
LEFT JOIN `kelompok1` ON `kelompok1`.`id_kelompok` = `stock1`.`id_kelompok`
LEFT JOIN `setupsupplier1` ON `setupsupplier1`.`id_setupsupplier` = `stock1`.`id_setupsupplier`
LEFT JOIN `satuan1` ON `satuan1`.`id_satuan` = `stock1`.`id_satuan`
LEFT JOIN `satuan1` ON `satuan1`.`id_satuan` = `stock1`.`id_satuan2`', [], false)
 2 SYSTEMPATH\Model.php(286): CodeIgniter\Database\BaseBuilder->get()
 3 SYSTEMPATH\BaseModel.php(676): CodeIgniter\Model->doFindAll(0, 0)
 4 APPPATH\Models\setup_persediaan\ModelStock.php(33): CodeIgniter\BaseModel->findAll()
 5 APPPATH\Controllers\setup_persediaan\Stock.php(36): App\Models\setup_persediaan\ModelStock->getStockWithRelations()
 6 SYSTEMPATH\CodeIgniter.php(933): App\Controllers\setup_persediaan\Stock->index()
 7 SYSTEMPATH\CodeIgniter.php(509): CodeIgniter\CodeIgniter->runController(Object(App\Controllers\setup_persediaan\Stock))
 8 SYSTEMPATH\CodeIgniter.php(355): CodeIgniter\CodeIgniter->handleRequest(null, Object(Config\Cache), false)
 9 SYSTEMPATH\Boot.php(325): CodeIgniter\CodeIgniter->run()
10 SYSTEMPATH\Boot.php(67): CodeIgniter\Boot::runCodeIgniter(Object(CodeIgniter\CodeIgniter))
11 FCPATH\index.php(56): CodeIgniter\Boot::bootWeb(Object(Config\Paths))
12 SYSTEMPATH\rewrite.php(44): require_once('C:\\laragon\\www\\aabweureeka\\public\\index.php')
CRITICAL - 2025-03-24 10:07:23 --> [Caused by] CodeIgniter\Database\Exceptions\DatabaseException: Not unique table/alias: 'satuan1'
in SYSTEMPATH\Database\MySQLi\Connection.php on line 317.
 1 SYSTEMPATH\Database\BaseConnection.php(734): CodeIgniter\Database\MySQLi\Connection->execute('SELECT `stock1`.*, `group1`.`nama_group`, `kelompok1`.`nama_kelompok`, `satuan1`.`kode_satuan`, `satuan1`.`kode_satuan` as `kode_satuan2`, `setupsupplier1`.`nama` as `nama_setupsupplier`
FROM `stock1`
LEFT JOIN `group1` ON `group1`.`id_group` = `stock1`.`id_group`
LEFT JOIN `kelompok1` ON `kelompok1`.`id_kelompok` = `stock1`.`id_kelompok`
LEFT JOIN `setupsupplier1` ON `setupsupplier1`.`id_setupsupplier` = `stock1`.`id_setupsupplier`
LEFT JOIN `satuan1` ON `satuan1`.`id_satuan` = `stock1`.`id_satuan`
LEFT JOIN `satuan1` ON `satuan1`.`id_satuan` = `stock1`.`id_satuan2`')
 2 SYSTEMPATH\Database\BaseConnection.php(648): CodeIgniter\Database\BaseConnection->simpleQuery('SELECT `stock1`.*, `group1`.`nama_group`, `kelompok1`.`nama_kelompok`, `satuan1`.`kode_satuan`, `satuan1`.`kode_satuan` as `kode_satuan2`, `setupsupplier1`.`nama` as `nama_setupsupplier`
FROM `stock1`
LEFT JOIN `group1` ON `group1`.`id_group` = `stock1`.`id_group`
LEFT JOIN `kelompok1` ON `kelompok1`.`id_kelompok` = `stock1`.`id_kelompok`
LEFT JOIN `setupsupplier1` ON `setupsupplier1`.`id_setupsupplier` = `stock1`.`id_setupsupplier`
LEFT JOIN `satuan1` ON `satuan1`.`id_satuan` = `stock1`.`id_satuan`
LEFT JOIN `satuan1` ON `satuan1`.`id_satuan` = `stock1`.`id_satuan2`')
 3 SYSTEMPATH\Database\BaseBuilder.php(1644): CodeIgniter\Database\BaseConnection->query('SELECT `stock1`.*, `group1`.`nama_group`, `kelompok1`.`nama_kelompok`, `satuan1`.`kode_satuan`, `satuan1`.`kode_satuan` as `kode_satuan2`, `setupsupplier1`.`nama` as `nama_setupsupplier`
FROM `stock1`
LEFT JOIN `group1` ON `group1`.`id_group` = `stock1`.`id_group`
LEFT JOIN `kelompok1` ON `kelompok1`.`id_kelompok` = `stock1`.`id_kelompok`
LEFT JOIN `setupsupplier1` ON `setupsupplier1`.`id_setupsupplier` = `stock1`.`id_setupsupplier`
LEFT JOIN `satuan1` ON `satuan1`.`id_satuan` = `stock1`.`id_satuan`
LEFT JOIN `satuan1` ON `satuan1`.`id_satuan` = `stock1`.`id_satuan2`', [], false)
 4 SYSTEMPATH\Model.php(286): CodeIgniter\Database\BaseBuilder->get()
 5 SYSTEMPATH\BaseModel.php(676): CodeIgniter\Model->doFindAll(0, 0)
 6 APPPATH\Models\setup_persediaan\ModelStock.php(33): CodeIgniter\BaseModel->findAll()
 7 APPPATH\Controllers\setup_persediaan\Stock.php(36): App\Models\setup_persediaan\ModelStock->getStockWithRelations()
 8 SYSTEMPATH\CodeIgniter.php(933): App\Controllers\setup_persediaan\Stock->index()
 9 SYSTEMPATH\CodeIgniter.php(509): CodeIgniter\CodeIgniter->runController(Object(App\Controllers\setup_persediaan\Stock))
10 SYSTEMPATH\CodeIgniter.php(355): CodeIgniter\CodeIgniter->handleRequest(null, Object(Config\Cache), false)
11 SYSTEMPATH\Boot.php(325): CodeIgniter\CodeIgniter->run()
12 SYSTEMPATH\Boot.php(67): CodeIgniter\Boot::runCodeIgniter(Object(CodeIgniter\CodeIgniter))
13 FCPATH\index.php(56): CodeIgniter\Boot::bootWeb(Object(Config\Paths))
14 SYSTEMPATH\rewrite.php(44): require_once('C:\\laragon\\www\\aabweureeka\\public\\index.php')
CRITICAL - 2025-03-24 10:07:23 --> [Caused by] mysqli_sql_exception: Not unique table/alias: 'satuan1'
in SYSTEMPATH\Database\MySQLi\Connection.php on line 312.
 1 SYSTEMPATH\Database\MySQLi\Connection.php(312): mysqli->query('SELECT `stock1`.*, `group1`.`nama_group`, `kelompok1`.`nama_kelompok`, `satuan1`.`kode_satuan`, `satuan1`.`kode_satuan` as `kode_satuan2`, `setupsupplier1`.`nama` as `nama_setupsupplier`
FROM `stock1`
LEFT JOIN `group1` ON `group1`.`id_group` = `stock1`.`id_group`
LEFT JOIN `kelompok1` ON `kelompok1`.`id_kelompok` = `stock1`.`id_kelompok`
LEFT JOIN `setupsupplier1` ON `setupsupplier1`.`id_setupsupplier` = `stock1`.`id_setupsupplier`
LEFT JOIN `satuan1` ON `satuan1`.`id_satuan` = `stock1`.`id_satuan`
LEFT JOIN `satuan1` ON `satuan1`.`id_satuan` = `stock1`.`id_satuan2`', 0)
 2 SYSTEMPATH\Database\BaseConnection.php(734): CodeIgniter\Database\MySQLi\Connection->execute('SELECT `stock1`.*, `group1`.`nama_group`, `kelompok1`.`nama_kelompok`, `satuan1`.`kode_satuan`, `satuan1`.`kode_satuan` as `kode_satuan2`, `setupsupplier1`.`nama` as `nama_setupsupplier`
FROM `stock1`
LEFT JOIN `group1` ON `group1`.`id_group` = `stock1`.`id_group`
LEFT JOIN `kelompok1` ON `kelompok1`.`id_kelompok` = `stock1`.`id_kelompok`
LEFT JOIN `setupsupplier1` ON `setupsupplier1`.`id_setupsupplier` = `stock1`.`id_setupsupplier`
LEFT JOIN `satuan1` ON `satuan1`.`id_satuan` = `stock1`.`id_satuan`
LEFT JOIN `satuan1` ON `satuan1`.`id_satuan` = `stock1`.`id_satuan2`')
 3 SYSTEMPATH\Database\BaseConnection.php(648): CodeIgniter\Database\BaseConnection->simpleQuery('SELECT `stock1`.*, `group1`.`nama_group`, `kelompok1`.`nama_kelompok`, `satuan1`.`kode_satuan`, `satuan1`.`kode_satuan` as `kode_satuan2`, `setupsupplier1`.`nama` as `nama_setupsupplier`
FROM `stock1`
LEFT JOIN `group1` ON `group1`.`id_group` = `stock1`.`id_group`
LEFT JOIN `kelompok1` ON `kelompok1`.`id_kelompok` = `stock1`.`id_kelompok`
LEFT JOIN `setupsupplier1` ON `setupsupplier1`.`id_setupsupplier` = `stock1`.`id_setupsupplier`
LEFT JOIN `satuan1` ON `satuan1`.`id_satuan` = `stock1`.`id_satuan`
LEFT JOIN `satuan1` ON `satuan1`.`id_satuan` = `stock1`.`id_satuan2`')
 4 SYSTEMPATH\Database\BaseBuilder.php(1644): CodeIgniter\Database\BaseConnection->query('SELECT `stock1`.*, `group1`.`nama_group`, `kelompok1`.`nama_kelompok`, `satuan1`.`kode_satuan`, `satuan1`.`kode_satuan` as `kode_satuan2`, `setupsupplier1`.`nama` as `nama_setupsupplier`
FROM `stock1`
LEFT JOIN `group1` ON `group1`.`id_group` = `stock1`.`id_group`
LEFT JOIN `kelompok1` ON `kelompok1`.`id_kelompok` = `stock1`.`id_kelompok`
LEFT JOIN `setupsupplier1` ON `setupsupplier1`.`id_setupsupplier` = `stock1`.`id_setupsupplier`
LEFT JOIN `satuan1` ON `satuan1`.`id_satuan` = `stock1`.`id_satuan`
LEFT JOIN `satuan1` ON `satuan1`.`id_satuan` = `stock1`.`id_satuan2`', [], false)
 5 SYSTEMPATH\Model.php(286): CodeIgniter\Database\BaseBuilder->get()
 6 SYSTEMPATH\BaseModel.php(676): CodeIgniter\Model->doFindAll(0, 0)
 7 APPPATH\Models\setup_persediaan\ModelStock.php(33): CodeIgniter\BaseModel->findAll()
 8 APPPATH\Controllers\setup_persediaan\Stock.php(36): App\Models\setup_persediaan\ModelStock->getStockWithRelations()
 9 SYSTEMPATH\CodeIgniter.php(933): App\Controllers\setup_persediaan\Stock->index()
10 SYSTEMPATH\CodeIgniter.php(509): CodeIgniter\CodeIgniter->runController(Object(App\Controllers\setup_persediaan\Stock))
11 SYSTEMPATH\CodeIgniter.php(355): CodeIgniter\CodeIgniter->handleRequest(null, Object(Config\Cache), false)
12 SYSTEMPATH\Boot.php(325): CodeIgniter\CodeIgniter->run()
13 SYSTEMPATH\Boot.php(67): CodeIgniter\Boot::runCodeIgniter(Object(CodeIgniter\CodeIgniter))
14 FCPATH\index.php(56): CodeIgniter\Boot::bootWeb(Object(Config\Paths))
15 SYSTEMPATH\rewrite.php(44): require_once('C:\\laragon\\www\\aabweureeka\\public\\index.php')
INFO - 2025-03-24 10:09:15 --> Session: Class initialized using 'CodeIgniter\Session\Handlers\FileHandler' driver.
CRITICAL - 2025-03-24 10:09:15 --> ErrorException: Undefined property: stdClass::$nama_lokasi
[Method: GET, Route: setup_persediaan/stock]
in APPPATH\Views\setup_persediaan\stock\index.php on line 56.
 1 APPPATH\Views\setup_persediaan\stock\index.php(56): CodeIgniter\Debug\Exceptions->errorHandler(2, 'Undefined property: stdClass::$nama_lokasi', 'C:\\laragon\\www\\aabweureeka\\app\\Views\\setup_persediaan\\stock\\index.php', 56)
 2 SYSTEMPATH\View\View.php(234): include('C:\\laragon\\www\\aabweureeka\\app\\Views\\setup_persediaan\\stock\\index.php')
 3 SYSTEMPATH\View\View.php(237): CodeIgniter\View\View->CodeIgniter\View\{closure}()
 4 SYSTEMPATH\Common.php(1169): CodeIgniter\View\View->render('setup_persediaan/stock/index', [], true)
 5 APPPATH\Controllers\setup_persediaan\Stock.php(37): view('setup_persediaan/stock/index', [...])
 6 SYSTEMPATH\CodeIgniter.php(933): App\Controllers\setup_persediaan\Stock->index()
 7 SYSTEMPATH\CodeIgniter.php(509): CodeIgniter\CodeIgniter->runController(Object(App\Controllers\setup_persediaan\Stock))
 8 SYSTEMPATH\CodeIgniter.php(355): CodeIgniter\CodeIgniter->handleRequest(null, Object(Config\Cache), false)
 9 SYSTEMPATH\Boot.php(325): CodeIgniter\CodeIgniter->run()
10 SYSTEMPATH\Boot.php(67): CodeIgniter\Boot::runCodeIgniter(Object(CodeIgniter\CodeIgniter))
11 FCPATH\index.php(56): CodeIgniter\Boot::bootWeb(Object(Config\Paths))
12 SYSTEMPATH\rewrite.php(44): require_once('C:\\laragon\\www\\aabweureeka\\public\\index.php')
INFO - 2025-03-24 10:11:11 --> Session: Class initialized using 'CodeIgniter\Session\Handlers\FileHandler' driver.
INFO - 2025-03-24 10:12:05 --> Session: Class initialized using 'CodeIgniter\Session\Handlers\FileHandler' driver.
INFO - 2025-03-24 10:12:26 --> Session: Class initialized using 'CodeIgniter\Session\Handlers\FileHandler' driver.
INFO - 2025-03-24 10:12:38 --> Session: Class initialized using 'CodeIgniter\Session\Handlers\FileHandler' driver.
INFO - 2025-03-24 10:13:15 --> Session: Class initialized using 'CodeIgniter\Session\Handlers\FileHandler' driver.
INFO - 2025-03-24 10:14:13 --> Session: Class initialized using 'CodeIgniter\Session\Handlers\FileHandler' driver.
INFO - 2025-03-24 10:15:10 --> Session: Class initialized using 'CodeIgniter\Session\Handlers\FileHandler' driver.
INFO - 2025-03-24 10:15:33 --> Session: Class initialized using 'CodeIgniter\Session\Handlers\FileHandler' driver.
INFO - 2025-03-24 10:15:51 --> Session: Class initialized using 'CodeIgniter\Session\Handlers\FileHandler' driver.
INFO - 2025-03-24 10:16:44 --> Session: Class initialized using 'CodeIgniter\Session\Handlers\FileHandler' driver.
INFO - 2025-03-24 10:17:15 --> Session: Class initialized using 'CodeIgniter\Session\Handlers\FileHandler' driver.
INFO - 2025-03-24 10:18:29 --> Session: Class initialized using 'CodeIgniter\Session\Handlers\FileHandler' driver.
INFO - 2025-03-24 10:20:11 --> Session: Class initialized using 'CodeIgniter\Session\Handlers\FileHandler' driver.
INFO - 2025-03-24 10:24:42 --> Session: Class initialized using 'CodeIgniter\Session\Handlers\FileHandler' driver.
INFO - 2025-03-24 10:24:51 --> Session: Class initialized using 'CodeIgniter\Session\Handlers\FileHandler' driver.
INFO - 2025-03-24 10:24:59 --> Session: Class initialized using 'CodeIgniter\Session\Handlers\FileHandler' driver.
INFO - 2025-03-24 10:25:32 --> Session: Class initialized using 'CodeIgniter\Session\Handlers\FileHandler' driver.
INFO - 2025-03-24 10:25:43 --> Session: Class initialized using 'CodeIgniter\Session\Handlers\FileHandler' driver.
INFO - 2025-03-24 10:42:48 --> Session: Class initialized using 'CodeIgniter\Session\Handlers\FileHandler' driver.
INFO - 2025-03-24 10:44:17 --> Session: Class initialized using 'CodeIgniter\Session\Handlers\FileHandler' driver.
INFO - 2025-03-24 10:45:53 --> Session: Class initialized using 'CodeIgniter\Session\Handlers\FileHandler' driver.
INFO - 2025-03-24 11:21:12 --> Session: Class initialized using 'CodeIgniter\Session\Handlers\FileHandler' driver.
INFO - 2025-03-24 11:23:17 --> Session: Class initialized using 'CodeIgniter\Session\Handlers\FileHandler' driver.
INFO - 2025-03-24 11:24:36 --> Session: Class initialized using 'CodeIgniter\Session\Handlers\FileHandler' driver.
INFO - 2025-03-24 11:43:46 --> Session: Class initialized using 'CodeIgniter\Session\Handlers\FileHandler' driver.
INFO - 2025-03-24 11:46:40 --> Session: Class initialized using 'CodeIgniter\Session\Handlers\FileHandler' driver.
INFO - 2025-03-24 11:46:59 --> Session: Class initialized using 'CodeIgniter\Session\Handlers\FileHandler' driver.
INFO - 2025-03-24 11:47:30 --> Session: Class initialized using 'CodeIgniter\Session\Handlers\FileHandler' driver.
INFO - 2025-03-24 11:50:11 --> Session: Class initialized using 'CodeIgniter\Session\Handlers\FileHandler' driver.
INFO - 2025-03-24 11:52:07 --> Session: Class initialized using 'CodeIgniter\Session\Handlers\FileHandler' driver.
INFO - 2025-03-24 11:55:43 --> Session: Class initialized using 'CodeIgniter\Session\Handlers\FileHandler' driver.
INFO - 2025-03-24 11:58:17 --> Session: Class initialized using 'CodeIgniter\Session\Handlers\FileHandler' driver.
INFO - 2025-03-24 12:00:19 --> Session: Class initialized using 'CodeIgniter\Session\Handlers\FileHandler' driver.
INFO - 2025-03-24 12:06:43 --> Session: Class initialized using 'CodeIgniter\Session\Handlers\FileHandler' driver.
INFO - 2025-03-24 12:07:56 --> Session: Class initialized using 'CodeIgniter\Session\Handlers\FileHandler' driver.
INFO - 2025-03-24 12:08:30 --> Session: Class initialized using 'CodeIgniter\Session\Handlers\FileHandler' driver.
INFO - 2025-03-24 13:06:47 --> Session: Class initialized using 'CodeIgniter\Session\Handlers\FileHandler' driver.
INFO - 2025-03-24 13:06:49 --> Session: Class initialized using 'CodeIgniter\Session\Handlers\FileHandler' driver.
INFO - 2025-03-24 13:07:22 --> Session: Class initialized using 'CodeIgniter\Session\Handlers\FileHandler' driver.
INFO - 2025-03-24 13:07:23 --> Session: Class initialized using 'CodeIgniter\Session\Handlers\FileHandler' driver.
INFO - 2025-03-24 13:09:06 --> Session: Class initialized using 'CodeIgniter\Session\Handlers\FileHandler' driver.
INFO - 2025-03-24 13:09:07 --> Session: Class initialized using 'CodeIgniter\Session\Handlers\FileHandler' driver.
INFO - 2025-03-24 13:09:27 --> Session: Class initialized using 'CodeIgniter\Session\Handlers\FileHandler' driver.
INFO - 2025-03-24 13:09:28 --> Session: Class initialized using 'CodeIgniter\Session\Handlers\FileHandler' driver.
INFO - 2025-03-24 13:09:59 --> Session: Class initialized using 'CodeIgniter\Session\Handlers\FileHandler' driver.
INFO - 2025-03-24 13:10:00 --> Session: Class initialized using 'CodeIgniter\Session\Handlers\FileHandler' driver.
INFO - 2025-03-24 13:15:38 --> Session: Class initialized using 'CodeIgniter\Session\Handlers\FileHandler' driver.
INFO - 2025-03-24 13:15:39 --> Session: Class initialized using 'CodeIgniter\Session\Handlers\FileHandler' driver.
INFO - 2025-03-24 13:16:10 --> Session: Class initialized using 'CodeIgniter\Session\Handlers\FileHandler' driver.
INFO - 2025-03-24 13:16:11 --> Session: Class initialized using 'CodeIgniter\Session\Handlers\FileHandler' driver.
INFO - 2025-03-24 13:16:52 --> Session: Class initialized using 'CodeIgniter\Session\Handlers\FileHandler' driver.
INFO - 2025-03-24 13:16:54 --> Session: Class initialized using 'CodeIgniter\Session\Handlers\FileHandler' driver.
INFO - 2025-03-24 13:16:58 --> Session: Class initialized using 'CodeIgniter\Session\Handlers\FileHandler' driver.
INFO - 2025-03-24 13:16:59 --> Session: Class initialized using 'CodeIgniter\Session\Handlers\FileHandler' driver.
INFO - 2025-03-24 13:26:19 --> Session: Class initialized using 'CodeIgniter\Session\Handlers\FileHandler' driver.
INFO - 2025-03-24 13:26:19 --> Session: Class initialized using 'CodeIgniter\Session\Handlers\FileHandler' driver.
INFO - 2025-03-24 13:26:20 --> Session: Class initialized using 'CodeIgniter\Session\Handlers\FileHandler' driver.
INFO - 2025-03-24 13:27:02 --> Session: Class initialized using 'CodeIgniter\Session\Handlers\FileHandler' driver.
INFO - 2025-03-24 13:27:04 --> Session: Class initialized using 'CodeIgniter\Session\Handlers\FileHandler' driver.
INFO - 2025-03-24 13:28:22 --> Session: Class initialized using 'CodeIgniter\Session\Handlers\FileHandler' driver.
INFO - 2025-03-24 13:28:24 --> Session: Class initialized using 'CodeIgniter\Session\Handlers\FileHandler' driver.
INFO - 2025-03-24 13:32:10 --> Session: Class initialized using 'CodeIgniter\Session\Handlers\FileHandler' driver.
INFO - 2025-03-24 13:32:11 --> Session: Class initialized using 'CodeIgniter\Session\Handlers\FileHandler' driver.
INFO - 2025-03-24 13:34:00 --> Session: Class initialized using 'CodeIgniter\Session\Handlers\FileHandler' driver.
INFO - 2025-03-24 13:34:01 --> Session: Class initialized using 'CodeIgniter\Session\Handlers\FileHandler' driver.
INFO - 2025-03-24 13:41:19 --> Session: Class initialized using 'CodeIgniter\Session\Handlers\FileHandler' driver.
CRITICAL - 2025-03-24 13:41:19 --> ErrorException: Undefined variable $dtstock
[Method: GET, Route: setup_persediaan/stock]
in APPPATH\Views\setup_persediaan\stock\index.php on line 54.
 1 APPPATH\Views\setup_persediaan\stock\index.php(54): CodeIgniter\Debug\Exceptions->errorHandler(2, 'Undefined variable $dtstock', 'C:\\laragon\\www\\aabweureeka\\app\\Views\\setup_persediaan\\stock\\index.php', 54)
 2 SYSTEMPATH\View\View.php(234): include('C:\\laragon\\www\\aabweureeka\\app\\Views\\setup_persediaan\\stock\\index.php')
 3 SYSTEMPATH\View\View.php(237): CodeIgniter\View\View->CodeIgniter\View\{closure}()
 4 SYSTEMPATH\Common.php(1169): CodeIgniter\View\View->render('setup_persediaan/stock/index', [], true)
 5 APPPATH\Controllers\setup_persediaan\Stock.php(36): view('setup_persediaan/stock/index')
 6 SYSTEMPATH\CodeIgniter.php(933): App\Controllers\setup_persediaan\Stock->index()
 7 SYSTEMPATH\CodeIgniter.php(509): CodeIgniter\CodeIgniter->runController(Object(App\Controllers\setup_persediaan\Stock))
 8 SYSTEMPATH\CodeIgniter.php(355): CodeIgniter\CodeIgniter->handleRequest(null, Object(Config\Cache), false)
 9 SYSTEMPATH\Boot.php(325): CodeIgniter\CodeIgniter->run()
10 SYSTEMPATH\Boot.php(67): CodeIgniter\Boot::runCodeIgniter(Object(CodeIgniter\CodeIgniter))
11 FCPATH\index.php(56): CodeIgniter\Boot::bootWeb(Object(Config\Paths))
12 SYSTEMPATH\rewrite.php(44): require_once('C:\\laragon\\www\\aabweureeka\\public\\index.php')
INFO - 2025-03-24 13:41:51 --> Session: Class initialized using 'CodeIgniter\Session\Handlers\FileHandler' driver.
INFO - 2025-03-24 14:00:36 --> Session: Class initialized using 'CodeIgniter\Session\Handlers\FileHandler' driver.
INFO - 2025-03-24 14:01:30 --> Session: Class initialized using 'CodeIgniter\Session\Handlers\FileHandler' driver.
INFO - 2025-03-24 14:06:35 --> Session: Class initialized using 'CodeIgniter\Session\Handlers\FileHandler' driver.
INFO - 2025-03-24 14:06:36 --> Session: Class initialized using 'CodeIgniter\Session\Handlers\FileHandler' driver.
INFO - 2025-03-24 14:08:11 --> Session: Class initialized using 'CodeIgniter\Session\Handlers\FileHandler' driver.
INFO - 2025-03-24 14:33:29 --> Session: Class initialized using 'CodeIgniter\Session\Handlers\FileHandler' driver.
CRITICAL - 2025-03-24 14:33:29 --> BadMethodCallException: Call to undefined method App\Models\setup_persediaan\ModelStock::getStockWithRelations
[Method: GET, Route: setup_persediaan/stock]
in SYSTEMPATH\Model.php on line 932.
 1 APPPATH\Controllers\setup_persediaan\Stock.php(36): CodeIgniter\Model->__call('getStockWithRelations', [])
 2 SYSTEMPATH\CodeIgniter.php(933): App\Controllers\setup_persediaan\Stock->index()
 3 SYSTEMPATH\CodeIgniter.php(509): CodeIgniter\CodeIgniter->runController(Object(App\Controllers\setup_persediaan\Stock))
 4 SYSTEMPATH\CodeIgniter.php(355): CodeIgniter\CodeIgniter->handleRequest(null, Object(Config\Cache), false)
 5 SYSTEMPATH\Boot.php(325): CodeIgniter\CodeIgniter->run()
 6 SYSTEMPATH\Boot.php(67): CodeIgniter\Boot::runCodeIgniter(Object(CodeIgniter\CodeIgniter))
 7 FCPATH\index.php(56): CodeIgniter\Boot::bootWeb(Object(Config\Paths))
 8 SYSTEMPATH\rewrite.php(44): require_once('C:\\laragon\\www\\aabweureeka\\public\\index.php')
INFO - 2025-03-24 14:34:02 --> Session: Class initialized using 'CodeIgniter\Session\Handlers\FileHandler' driver.
INFO - 2025-03-24 14:34:04 --> Session: Class initialized using 'CodeIgniter\Session\Handlers\FileHandler' driver.
INFO - 2025-03-24 14:35:17 --> Session: Class initialized using 'CodeIgniter\Session\Handlers\FileHandler' driver.
INFO - 2025-03-24 14:35:18 --> Session: Class initialized using 'CodeIgniter\Session\Handlers\FileHandler' driver.
INFO - 2025-03-24 14:39:14 --> Session: Class initialized using 'CodeIgniter\Session\Handlers\FileHandler' driver.
INFO - 2025-03-24 14:39:16 --> Session: Class initialized using 'CodeIgniter\Session\Handlers\FileHandler' driver.
INFO - 2025-03-24 14:41:18 --> Session: Class initialized using 'CodeIgniter\Session\Handlers\FileHandler' driver.
INFO - 2025-03-24 14:41:19 --> Session: Class initialized using 'CodeIgniter\Session\Handlers\FileHandler' driver.
INFO - 2025-03-24 14:44:23 --> Session: Class initialized using 'CodeIgniter\Session\Handlers\FileHandler' driver.
INFO - 2025-03-24 14:44:24 --> Session: Class initialized using 'CodeIgniter\Session\Handlers\FileHandler' driver.
INFO - 2025-03-24 14:46:53 --> Session: Class initialized using 'CodeIgniter\Session\Handlers\FileHandler' driver.
INFO - 2025-03-24 14:46:54 --> Session: Class initialized using 'CodeIgniter\Session\Handlers\FileHandler' driver.
INFO - 2025-03-24 14:47:02 --> Session: Class initialized using 'CodeIgniter\Session\Handlers\FileHandler' driver.
INFO - 2025-03-24 14:47:03 --> Session: Class initialized using 'CodeIgniter\Session\Handlers\FileHandler' driver.
INFO - 2025-03-24 14:48:09 --> Session: Class initialized using 'CodeIgniter\Session\Handlers\FileHandler' driver.
INFO - 2025-03-24 14:48:10 --> Session: Class initialized using 'CodeIgniter\Session\Handlers\FileHandler' driver.
INFO - 2025-03-24 14:49:02 --> Session: Class initialized using 'CodeIgniter\Session\Handlers\FileHandler' driver.
INFO - 2025-03-24 14:49:03 --> Session: Class initialized using 'CodeIgniter\Session\Handlers\FileHandler' driver.
INFO - 2025-03-24 14:53:29 --> Session: Class initialized using 'CodeIgniter\Session\Handlers\FileHandler' driver.
INFO - 2025-03-24 14:53:30 --> Session: Class initialized using 'CodeIgniter\Session\Handlers\FileHandler' driver.
INFO - 2025-03-24 14:56:18 --> Session: Class initialized using 'CodeIgniter\Session\Handlers\FileHandler' driver.
INFO - 2025-03-24 14:56:19 --> Session: Class initialized using 'CodeIgniter\Session\Handlers\FileHandler' driver.
INFO - 2025-03-24 14:56:46 --> Session: Class initialized using 'CodeIgniter\Session\Handlers\FileHandler' driver.
INFO - 2025-03-24 14:56:48 --> Session: Class initialized using 'CodeIgniter\Session\Handlers\FileHandler' driver.
INFO - 2025-03-24 14:58:11 --> Session: Class initialized using 'CodeIgniter\Session\Handlers\FileHandler' driver.
INFO - 2025-03-24 14:58:12 --> Session: Class initialized using 'CodeIgniter\Session\Handlers\FileHandler' driver.
INFO - 2025-03-24 14:59:53 --> Session: Class initialized using 'CodeIgniter\Session\Handlers\FileHandler' driver.
INFO - 2025-03-24 14:59:55 --> Session: Class initialized using 'CodeIgniter\Session\Handlers\FileHandler' driver.
INFO - 2025-03-24 15:00:42 --> Session: Class initialized using 'CodeIgniter\Session\Handlers\FileHandler' driver.
INFO - 2025-03-24 15:00:43 --> Session: Class initialized using 'CodeIgniter\Session\Handlers\FileHandler' driver.
INFO - 2025-03-24 15:01:06 --> Session: Class initialized using 'CodeIgniter\Session\Handlers\FileHandler' driver.
INFO - 2025-03-24 15:01:07 --> Session: Class initialized using 'CodeIgniter\Session\Handlers\FileHandler' driver.
INFO - 2025-03-24 15:03:33 --> Session: Class initialized using 'CodeIgniter\Session\Handlers\FileHandler' driver.
CRITICAL - 2025-03-24 15:03:34 --> CodeIgniter\Security\Exceptions\SecurityException: The action you requested is not allowed.
[Method: POST, Route: setup_persediaan/stock/ajaxList]
in SYSTEMPATH\Security\Security.php on line 262.
 1 SYSTEMPATH\Security\Security.php(262): CodeIgniter\Security\Exceptions\SecurityException::forDisallowedAction()
 2 SYSTEMPATH\Filters\CSRF.php(57): CodeIgniter\Security\Security->verify(Object(CodeIgniter\HTTP\IncomingRequest))
 3 SYSTEMPATH\Filters\Filters.php(205): CodeIgniter\Filters\CSRF->before(Object(CodeIgniter\HTTP\IncomingRequest), null)
 4 SYSTEMPATH\Filters\Filters.php(184): CodeIgniter\Filters\Filters->runBefore([...])
 5 SYSTEMPATH\CodeIgniter.php(481): CodeIgniter\Filters\Filters->run('setup_persediaan/stock/ajaxList', 'before')
 6 SYSTEMPATH\CodeIgniter.php(355): CodeIgniter\CodeIgniter->handleRequest(null, Object(Config\Cache), false)
 7 SYSTEMPATH\Boot.php(325): CodeIgniter\CodeIgniter->run()
 8 SYSTEMPATH\Boot.php(67): CodeIgniter\Boot::runCodeIgniter(Object(CodeIgniter\CodeIgniter))
 9 FCPATH\index.php(56): CodeIgniter\Boot::bootWeb(Object(Config\Paths))
10 SYSTEMPATH\rewrite.php(44): require_once('C:\\laragon\\www\\aabweureeka\\public\\index.php')
INFO - 2025-03-24 15:08:36 --> Session: Class initialized using 'CodeIgniter\Session\Handlers\FileHandler' driver.
INFO - 2025-03-24 15:08:37 --> Session: Class initialized using 'CodeIgniter\Session\Handlers\FileHandler' driver.
INFO - 2025-03-24 15:11:00 --> Session: Class initialized using 'CodeIgniter\Session\Handlers\FileHandler' driver.
INFO - 2025-03-24 15:11:01 --> Session: Class initialized using 'CodeIgniter\Session\Handlers\FileHandler' driver.
INFO - 2025-03-24 15:12:00 --> Session: Class initialized using 'CodeIgniter\Session\Handlers\FileHandler' driver.
INFO - 2025-03-24 15:12:02 --> Session: Class initialized using 'CodeIgniter\Session\Handlers\FileHandler' driver.
INFO - 2025-03-24 15:13:39 --> Session: Class initialized using 'CodeIgniter\Session\Handlers\FileHandler' driver.
INFO - 2025-03-24 15:13:40 --> Session: Class initialized using 'CodeIgniter\Session\Handlers\FileHandler' driver.
INFO - 2025-03-24 15:14:36 --> Session: Class initialized using 'CodeIgniter\Session\Handlers\FileHandler' driver.
INFO - 2025-03-24 15:14:37 --> Session: Class initialized using 'CodeIgniter\Session\Handlers\FileHandler' driver.
INFO - 2025-03-24 15:15:19 --> Session: Class initialized using 'CodeIgniter\Session\Handlers\FileHandler' driver.
INFO - 2025-03-24 15:15:21 --> Session: Class initialized using 'CodeIgniter\Session\Handlers\FileHandler' driver.
INFO - 2025-03-24 15:16:46 --> Session: Class initialized using 'CodeIgniter\Session\Handlers\FileHandler' driver.
INFO - 2025-03-24 15:16:47 --> Session: Class initialized using 'CodeIgniter\Session\Handlers\FileHandler' driver.
INFO - 2025-03-24 15:22:14 --> Session: Class initialized using 'CodeIgniter\Session\Handlers\FileHandler' driver.
INFO - 2025-03-24 15:22:15 --> Session: Class initialized using 'CodeIgniter\Session\Handlers\FileHandler' driver.
INFO - 2025-03-24 15:28:06 --> Session: Class initialized using 'CodeIgniter\Session\Handlers\FileHandler' driver.
INFO - 2025-03-24 15:28:08 --> Session: Class initialized using 'CodeIgniter\Session\Handlers\FileHandler' driver.
INFO - 2025-03-24 15:31:00 --> Session: Class initialized using 'CodeIgniter\Session\Handlers\FileHandler' driver.
