INFO - 2025-03-27 06:52:22 --> Session: Class initialized using 'CodeIgniter\Session\Handlers\FileHandler' driver.
INFO - 2025-03-27 06:52:24 --> Session: Class initialized using 'CodeIgniter\Session\Handlers\FileHandler' driver.
INFO - 2025-03-27 06:52:33 --> CSRF token verified.
INFO - 2025-03-27 06:52:33 --> Session: Class initialized using 'CodeIgniter\Session\Handlers\FileHandler' driver.
INFO - 2025-03-27 06:52:34 --> Session: Class initialized using 'CodeIgniter\Session\Handlers\FileHandler' driver.
INFO - 2025-03-27 06:52:43 --> Session: Class initialized using 'CodeIgniter\Session\Handlers\FileHandler' driver.
INFO - 2025-03-27 06:52:45 --> Session: Class initialized using 'CodeIgniter\Session\Handlers\FileHandler' driver.
INFO - 2025-03-27 06:53:27 --> Session: Class initialized using 'CodeIgniter\Session\Handlers\FileHandler' driver.
INFO - 2025-03-27 06:53:28 --> Session: Class initialized using 'CodeIgniter\Session\Handlers\FileHandler' driver.
INFO - 2025-03-27 06:53:37 --> Session: Class initialized using 'CodeIgniter\Session\Handlers\FileHandler' driver.
INFO - 2025-03-27 06:53:48 --> Session: Class initialized using 'CodeIgniter\Session\Handlers\FileHandler' driver.
INFO - 2025-03-27 06:54:19 --> Session: Class initialized using 'CodeIgniter\Session\Handlers\FileHandler' driver.
INFO - 2025-03-27 06:54:56 --> CSRF token verified.
INFO - 2025-03-27 06:54:56 --> Session: Class initialized using 'CodeIgniter\Session\Handlers\FileHandler' driver.
INFO - 2025-03-27 06:54:56 --> Session: Class initialized using 'CodeIgniter\Session\Handlers\FileHandler' driver.
INFO - 2025-03-27 07:02:21 --> Session: Class initialized using 'CodeIgniter\Session\Handlers\FileHandler' driver.
INFO - 2025-03-27 07:19:57 --> Session: Class initialized using 'CodeIgniter\Session\Handlers\FileHandler' driver.
CRITICAL - 2025-03-27 07:19:58 --> CodeIgniter\Database\Exceptions\DataException: Only single column allowed in Column name.
[Method: GET, Route: setup_persediaan/harga/new]
in SYSTEMPATH\BaseModel.php on line 638.
 1 SYSTEMPATH\BaseModel.php(638): CodeIgniter\Database\Exceptions\DataException::forFindColumnHaveMultipleColumns()
 2 APPPATH\Controllers\setup_persediaan\Harga.php(50): CodeIgniter\BaseModel->findColumn('id_stock, nama_barang')
 3 SYSTEMPATH\CodeIgniter.php(933): App\Controllers\setup_persediaan\Harga->new()
 4 SYSTEMPATH\CodeIgniter.php(509): CodeIgniter\CodeIgniter->runController(Object(App\Controllers\setup_persediaan\Harga))
 5 SYSTEMPATH\CodeIgniter.php(355): CodeIgniter\CodeIgniter->handleRequest(null, Object(Config\Cache), false)
 6 SYSTEMPATH\Boot.php(325): CodeIgniter\CodeIgniter->run()
 7 SYSTEMPATH\Boot.php(67): CodeIgniter\Boot::runCodeIgniter(Object(CodeIgniter\CodeIgniter))
 8 FCPATH\index.php(56): CodeIgniter\Boot::bootWeb(Object(Config\Paths))
 9 SYSTEMPATH\rewrite.php(44): require_once('C:\\laragon\\www\\aabweureeka\\public\\index.php')
INFO - 2025-03-27 07:20:52 --> Session: Class initialized using 'CodeIgniter\Session\Handlers\FileHandler' driver.
INFO - 2025-03-27 07:21:59 --> Session: Class initialized using 'CodeIgniter\Session\Handlers\FileHandler' driver.
INFO - 2025-03-27 09:16:41 --> Session: Class initialized using 'CodeIgniter\Session\Handlers\FileHandler' driver.
INFO - 2025-03-27 09:18:29 --> Session: Class initialized using 'CodeIgniter\Session\Handlers\FileHandler' driver.
INFO - 2025-03-27 09:18:37 --> Session: Class initialized using 'CodeIgniter\Session\Handlers\FileHandler' driver.
INFO - 2025-03-27 09:22:27 --> Session: Class initialized using 'CodeIgniter\Session\Handlers\FileHandler' driver.
INFO - 2025-03-27 09:22:49 --> Session: Class initialized using 'CodeIgniter\Session\Handlers\FileHandler' driver.
INFO - 2025-03-27 09:26:58 --> CSRF token verified.
INFO - 2025-03-27 09:26:58 --> Session: Class initialized using 'CodeIgniter\Session\Handlers\FileHandler' driver.
ERROR - 2025-03-27 09:26:58 --> mysqli_sql_exception: Unknown column 'kode_harga' in 'field list' in C:\laragon\www\aabweureeka\vendor\codeigniter4\framework\system\Database\MySQLi\Connection.php:312
Stack trace:
#0 C:\laragon\www\aabweureeka\vendor\codeigniter4\framework\system\Database\MySQLi\Connection.php(312): mysqli->query('INSERT INTO `ha...', 0)
#1 C:\laragon\www\aabweureeka\vendor\codeigniter4\framework\system\Database\BaseConnection.php(734): CodeIgniter\Database\MySQLi\Connection->execute('INSERT INTO `ha...')
#2 C:\laragon\www\aabweureeka\vendor\codeigniter4\framework\system\Database\BaseConnection.php(648): CodeIgniter\Database\BaseConnection->simpleQuery('INSERT INTO `ha...')
#3 C:\laragon\www\aabweureeka\vendor\codeigniter4\framework\system\Database\BaseBuilder.php(2340): CodeIgniter\Database\BaseConnection->query('INSERT INTO `ha...', Array, false)
#4 C:\laragon\www\aabweureeka\app\Controllers\setup_persediaan\Harga.php(70): CodeIgniter\Database\BaseBuilder->insert(Array)
#5 C:\laragon\www\aabweureeka\vendor\codeigniter4\framework\system\CodeIgniter.php(933): App\Controllers\setup_persediaan\Harga->create()
#6 C:\laragon\www\aabweureeka\vendor\codeigniter4\framework\system\CodeIgniter.php(509): CodeIgniter\CodeIgniter->runController(Object(App\Controllers\setup_persediaan\Harga))
#7 C:\laragon\www\aabweureeka\vendor\codeigniter4\framework\system\CodeIgniter.php(355): CodeIgniter\CodeIgniter->handleRequest(NULL, Object(Config\Cache), false)
#8 C:\laragon\www\aabweureeka\vendor\codeigniter4\framework\system\Boot.php(325): CodeIgniter\CodeIgniter->run()
#9 C:\laragon\www\aabweureeka\vendor\codeigniter4\framework\system\Boot.php(67): CodeIgniter\Boot::runCodeIgniter(Object(CodeIgniter\CodeIgniter))
#10 C:\laragon\www\aabweureeka\public\index.php(56): CodeIgniter\Boot::bootWeb(Object(Config\Paths))
#11 C:\laragon\www\aabweureeka\vendor\codeigniter4\framework\system\rewrite.php(44): require_once('C:\\laragon\\www\\...')
#12 {main}
CRITICAL - 2025-03-27 09:26:58 --> CodeIgniter\Database\Exceptions\DatabaseException: Unknown column 'kode_harga' in 'field list'
[Method: POST, Route: setup_persediaan/harga]
in SYSTEMPATH\Database\BaseConnection.php on line 688.
 1 SYSTEMPATH\Database\BaseBuilder.php(2340): CodeIgniter\Database\BaseConnection->query('INSERT INTO `harga1` (`id_harga`, `kode_harga`, `nama_barang`, `harga_jualexc`, `harga_jualinc`, `harga_beli`) VALUES (:id_harga:, :kode_harga:, :nama_barang:, :harga_jualexc:, :harga_jualinc:, :harga_beli:)', [...], false)
 2 APPPATH\Controllers\setup_persediaan\Harga.php(70): CodeIgniter\Database\BaseBuilder->insert([...])
 3 SYSTEMPATH\CodeIgniter.php(933): App\Controllers\setup_persediaan\Harga->create()
 4 SYSTEMPATH\CodeIgniter.php(509): CodeIgniter\CodeIgniter->runController(Object(App\Controllers\setup_persediaan\Harga))
 5 SYSTEMPATH\CodeIgniter.php(355): CodeIgniter\CodeIgniter->handleRequest(null, Object(Config\Cache), false)
 6 SYSTEMPATH\Boot.php(325): CodeIgniter\CodeIgniter->run()
 7 SYSTEMPATH\Boot.php(67): CodeIgniter\Boot::runCodeIgniter(Object(CodeIgniter\CodeIgniter))
 8 FCPATH\index.php(56): CodeIgniter\Boot::bootWeb(Object(Config\Paths))
 9 SYSTEMPATH\rewrite.php(44): require_once('C:\\laragon\\www\\aabweureeka\\public\\index.php')
CRITICAL - 2025-03-27 09:26:58 --> [Caused by] CodeIgniter\Database\Exceptions\DatabaseException: Unknown column 'kode_harga' in 'field list'
in SYSTEMPATH\Database\MySQLi\Connection.php on line 317.
 1 SYSTEMPATH\Database\BaseConnection.php(734): CodeIgniter\Database\MySQLi\Connection->execute('INSERT INTO `harga1` (`id_harga`, `kode_harga`, `nama_barang`, `harga_jualexc`, `harga_jualinc`, `harga_beli`) VALUES (NULL, NULL, \'32\', \'Rp 14.300\', \'Rp 15.873\', \'Rp 10.000\')')
 2 SYSTEMPATH\Database\BaseConnection.php(648): CodeIgniter\Database\BaseConnection->simpleQuery('INSERT INTO `harga1` (`id_harga`, `kode_harga`, `nama_barang`, `harga_jualexc`, `harga_jualinc`, `harga_beli`) VALUES (NULL, NULL, \'32\', \'Rp 14.300\', \'Rp 15.873\', \'Rp 10.000\')')
 3 SYSTEMPATH\Database\BaseBuilder.php(2340): CodeIgniter\Database\BaseConnection->query('INSERT INTO `harga1` (`id_harga`, `kode_harga`, `nama_barang`, `harga_jualexc`, `harga_jualinc`, `harga_beli`) VALUES (:id_harga:, :kode_harga:, :nama_barang:, :harga_jualexc:, :harga_jualinc:, :harga_beli:)', [...], false)
 4 APPPATH\Controllers\setup_persediaan\Harga.php(70): CodeIgniter\Database\BaseBuilder->insert([...])
 5 SYSTEMPATH\CodeIgniter.php(933): App\Controllers\setup_persediaan\Harga->create()
 6 SYSTEMPATH\CodeIgniter.php(509): CodeIgniter\CodeIgniter->runController(Object(App\Controllers\setup_persediaan\Harga))
 7 SYSTEMPATH\CodeIgniter.php(355): CodeIgniter\CodeIgniter->handleRequest(null, Object(Config\Cache), false)
 8 SYSTEMPATH\Boot.php(325): CodeIgniter\CodeIgniter->run()
 9 SYSTEMPATH\Boot.php(67): CodeIgniter\Boot::runCodeIgniter(Object(CodeIgniter\CodeIgniter))
10 FCPATH\index.php(56): CodeIgniter\Boot::bootWeb(Object(Config\Paths))
11 SYSTEMPATH\rewrite.php(44): require_once('C:\\laragon\\www\\aabweureeka\\public\\index.php')
CRITICAL - 2025-03-27 09:26:58 --> [Caused by] mysqli_sql_exception: Unknown column 'kode_harga' in 'field list'
in SYSTEMPATH\Database\MySQLi\Connection.php on line 312.
 1 SYSTEMPATH\Database\MySQLi\Connection.php(312): mysqli->query('INSERT INTO `harga1` (`id_harga`, `kode_harga`, `nama_barang`, `harga_jualexc`, `harga_jualinc`, `harga_beli`) VALUES (NULL, NULL, \'32\', \'Rp 14.300\', \'Rp 15.873\', \'Rp 10.000\')', 0)
 2 SYSTEMPATH\Database\BaseConnection.php(734): CodeIgniter\Database\MySQLi\Connection->execute('INSERT INTO `harga1` (`id_harga`, `kode_harga`, `nama_barang`, `harga_jualexc`, `harga_jualinc`, `harga_beli`) VALUES (NULL, NULL, \'32\', \'Rp 14.300\', \'Rp 15.873\', \'Rp 10.000\')')
 3 SYSTEMPATH\Database\BaseConnection.php(648): CodeIgniter\Database\BaseConnection->simpleQuery('INSERT INTO `harga1` (`id_harga`, `kode_harga`, `nama_barang`, `harga_jualexc`, `harga_jualinc`, `harga_beli`) VALUES (NULL, NULL, \'32\', \'Rp 14.300\', \'Rp 15.873\', \'Rp 10.000\')')
 4 SYSTEMPATH\Database\BaseBuilder.php(2340): CodeIgniter\Database\BaseConnection->query('INSERT INTO `harga1` (`id_harga`, `kode_harga`, `nama_barang`, `harga_jualexc`, `harga_jualinc`, `harga_beli`) VALUES (:id_harga:, :kode_harga:, :nama_barang:, :harga_jualexc:, :harga_jualinc:, :harga_beli:)', [...], false)
 5 APPPATH\Controllers\setup_persediaan\Harga.php(70): CodeIgniter\Database\BaseBuilder->insert([...])
 6 SYSTEMPATH\CodeIgniter.php(933): App\Controllers\setup_persediaan\Harga->create()
 7 SYSTEMPATH\CodeIgniter.php(509): CodeIgniter\CodeIgniter->runController(Object(App\Controllers\setup_persediaan\Harga))
 8 SYSTEMPATH\CodeIgniter.php(355): CodeIgniter\CodeIgniter->handleRequest(null, Object(Config\Cache), false)
 9 SYSTEMPATH\Boot.php(325): CodeIgniter\CodeIgniter->run()
10 SYSTEMPATH\Boot.php(67): CodeIgniter\Boot::runCodeIgniter(Object(CodeIgniter\CodeIgniter))
11 FCPATH\index.php(56): CodeIgniter\Boot::bootWeb(Object(Config\Paths))
12 SYSTEMPATH\rewrite.php(44): require_once('C:\\laragon\\www\\aabweureeka\\public\\index.php')
INFO - 2025-03-27 09:27:56 --> Session: Class initialized using 'CodeIgniter\Session\Handlers\FileHandler' driver.
INFO - 2025-03-27 09:28:29 --> CSRF token verified.
INFO - 2025-03-27 09:28:30 --> Session: Class initialized using 'CodeIgniter\Session\Handlers\FileHandler' driver.
INFO - 2025-03-27 09:28:30 --> Session: Class initialized using 'CodeIgniter\Session\Handlers\FileHandler' driver.
CRITICAL - 2025-03-27 09:28:30 --> ErrorException: Undefined property: stdClass::$kode_harga
[Method: GET, Route: setup_persediaan/harga]
in APPPATH\Views\setup_persediaan\harga\index.php on line 54.
 1 APPPATH\Views\setup_persediaan\harga\index.php(54): CodeIgniter\Debug\Exceptions->errorHandler(2, 'Undefined property: stdClass::$kode_harga', 'C:\\laragon\\www\\aabweureeka\\app\\Views\\setup_persediaan\\harga\\index.php', 54)
 2 SYSTEMPATH\View\View.php(234): include('C:\\laragon\\www\\aabweureeka\\app\\Views\\setup_persediaan\\harga\\index.php')
 3 SYSTEMPATH\View\View.php(237): CodeIgniter\View\View->CodeIgniter\View\{closure}()
 4 SYSTEMPATH\Common.php(1169): CodeIgniter\View\View->render('setup_persediaan/harga/index', [], true)
 5 APPPATH\Controllers\setup_persediaan\Harga.php(28): view('setup_persediaan/harga/index', [...])
 6 SYSTEMPATH\CodeIgniter.php(933): App\Controllers\setup_persediaan\Harga->index()
 7 SYSTEMPATH\CodeIgniter.php(509): CodeIgniter\CodeIgniter->runController(Object(App\Controllers\setup_persediaan\Harga))
 8 SYSTEMPATH\CodeIgniter.php(355): CodeIgniter\CodeIgniter->handleRequest(null, Object(Config\Cache), false)
 9 SYSTEMPATH\Boot.php(325): CodeIgniter\CodeIgniter->run()
10 SYSTEMPATH\Boot.php(67): CodeIgniter\Boot::runCodeIgniter(Object(CodeIgniter\CodeIgniter))
11 FCPATH\index.php(56): CodeIgniter\Boot::bootWeb(Object(Config\Paths))
12 SYSTEMPATH\rewrite.php(44): require_once('C:\\laragon\\www\\aabweureeka\\public\\index.php')
INFO - 2025-03-27 09:30:35 --> Session: Class initialized using 'CodeIgniter\Session\Handlers\FileHandler' driver.
CRITICAL - 2025-03-27 09:30:35 --> ErrorException: Undefined property: stdClass::$nama_barang
[Method: GET, Route: setup_persediaan/harga]
in APPPATH\Views\setup_persediaan\harga\index.php on line 53.
 1 APPPATH\Views\setup_persediaan\harga\index.php(53): CodeIgniter\Debug\Exceptions->errorHandler(2, 'Undefined property: stdClass::$nama_barang', 'C:\\laragon\\www\\aabweureeka\\app\\Views\\setup_persediaan\\harga\\index.php', 53)
 2 SYSTEMPATH\View\View.php(234): include('C:\\laragon\\www\\aabweureeka\\app\\Views\\setup_persediaan\\harga\\index.php')
 3 SYSTEMPATH\View\View.php(237): CodeIgniter\View\View->CodeIgniter\View\{closure}()
 4 SYSTEMPATH\Common.php(1169): CodeIgniter\View\View->render('setup_persediaan/harga/index', [], true)
 5 APPPATH\Controllers\setup_persediaan\Harga.php(28): view('setup_persediaan/harga/index', [...])
 6 SYSTEMPATH\CodeIgniter.php(933): App\Controllers\setup_persediaan\Harga->index()
 7 SYSTEMPATH\CodeIgniter.php(509): CodeIgniter\CodeIgniter->runController(Object(App\Controllers\setup_persediaan\Harga))
 8 SYSTEMPATH\CodeIgniter.php(355): CodeIgniter\CodeIgniter->handleRequest(null, Object(Config\Cache), false)
 9 SYSTEMPATH\Boot.php(325): CodeIgniter\CodeIgniter->run()
10 SYSTEMPATH\Boot.php(67): CodeIgniter\Boot::runCodeIgniter(Object(CodeIgniter\CodeIgniter))
11 FCPATH\index.php(56): CodeIgniter\Boot::bootWeb(Object(Config\Paths))
12 SYSTEMPATH\rewrite.php(44): require_once('C:\\laragon\\www\\aabweureeka\\public\\index.php')
INFO - 2025-03-27 09:31:57 --> Session: Class initialized using 'CodeIgniter\Session\Handlers\FileHandler' driver.
CRITICAL - 2025-03-27 09:31:57 --> ErrorException: Undefined property: stdClass::$nama_barang
[Method: GET, Route: setup_persediaan/harga]
in APPPATH\Views\setup_persediaan\harga\index.php on line 53.
 1 APPPATH\Views\setup_persediaan\harga\index.php(53): CodeIgniter\Debug\Exceptions->errorHandler(2, 'Undefined property: stdClass::$nama_barang', 'C:\\laragon\\www\\aabweureeka\\app\\Views\\setup_persediaan\\harga\\index.php', 53)
 2 SYSTEMPATH\View\View.php(234): include('C:\\laragon\\www\\aabweureeka\\app\\Views\\setup_persediaan\\harga\\index.php')
 3 SYSTEMPATH\View\View.php(237): CodeIgniter\View\View->CodeIgniter\View\{closure}()
 4 SYSTEMPATH\Common.php(1169): CodeIgniter\View\View->render('setup_persediaan/harga/index', [], true)
 5 APPPATH\Controllers\setup_persediaan\Harga.php(28): view('setup_persediaan/harga/index', [...])
 6 SYSTEMPATH\CodeIgniter.php(933): App\Controllers\setup_persediaan\Harga->index()
 7 SYSTEMPATH\CodeIgniter.php(509): CodeIgniter\CodeIgniter->runController(Object(App\Controllers\setup_persediaan\Harga))
 8 SYSTEMPATH\CodeIgniter.php(355): CodeIgniter\CodeIgniter->handleRequest(null, Object(Config\Cache), false)
 9 SYSTEMPATH\Boot.php(325): CodeIgniter\CodeIgniter->run()
10 SYSTEMPATH\Boot.php(67): CodeIgniter\Boot::runCodeIgniter(Object(CodeIgniter\CodeIgniter))
11 FCPATH\index.php(56): CodeIgniter\Boot::bootWeb(Object(Config\Paths))
12 SYSTEMPATH\rewrite.php(44): require_once('C:\\laragon\\www\\aabweureeka\\public\\index.php')
INFO - 2025-03-27 09:34:54 --> Session: Class initialized using 'CodeIgniter\Session\Handlers\FileHandler' driver.
INFO - 2025-03-27 09:35:10 --> CSRF token verified.
INFO - 2025-03-27 09:35:10 --> Session: Class initialized using 'CodeIgniter\Session\Handlers\FileHandler' driver.
INFO - 2025-03-27 09:35:10 --> Session: Class initialized using 'CodeIgniter\Session\Handlers\FileHandler' driver.
CRITICAL - 2025-03-27 09:35:10 --> ErrorException: Undefined property: stdClass::$nama_barang
[Method: GET, Route: setup_persediaan/harga]
in APPPATH\Views\setup_persediaan\harga\index.php on line 53.
 1 APPPATH\Views\setup_persediaan\harga\index.php(53): CodeIgniter\Debug\Exceptions->errorHandler(2, 'Undefined property: stdClass::$nama_barang', 'C:\\laragon\\www\\aabweureeka\\app\\Views\\setup_persediaan\\harga\\index.php', 53)
 2 SYSTEMPATH\View\View.php(234): include('C:\\laragon\\www\\aabweureeka\\app\\Views\\setup_persediaan\\harga\\index.php')
 3 SYSTEMPATH\View\View.php(237): CodeIgniter\View\View->CodeIgniter\View\{closure}()
 4 SYSTEMPATH\Common.php(1169): CodeIgniter\View\View->render('setup_persediaan/harga/index', [], true)
 5 APPPATH\Controllers\setup_persediaan\Harga.php(28): view('setup_persediaan/harga/index', [...])
 6 SYSTEMPATH\CodeIgniter.php(933): App\Controllers\setup_persediaan\Harga->index()
 7 SYSTEMPATH\CodeIgniter.php(509): CodeIgniter\CodeIgniter->runController(Object(App\Controllers\setup_persediaan\Harga))
 8 SYSTEMPATH\CodeIgniter.php(355): CodeIgniter\CodeIgniter->handleRequest(null, Object(Config\Cache), false)
 9 SYSTEMPATH\Boot.php(325): CodeIgniter\CodeIgniter->run()
10 SYSTEMPATH\Boot.php(67): CodeIgniter\Boot::runCodeIgniter(Object(CodeIgniter\CodeIgniter))
11 FCPATH\index.php(56): CodeIgniter\Boot::bootWeb(Object(Config\Paths))
12 SYSTEMPATH\rewrite.php(44): require_once('C:\\laragon\\www\\aabweureeka\\public\\index.php')
INFO - 2025-03-27 09:36:37 --> Session: Class initialized using 'CodeIgniter\Session\Handlers\FileHandler' driver.
CRITICAL - 2025-03-27 09:36:37 --> ErrorException: Undefined property: stdClass::$nama_barang
[Method: GET, Route: setup_persediaan/harga]
in APPPATH\Views\setup_persediaan\harga\index.php on line 53.
 1 APPPATH\Views\setup_persediaan\harga\index.php(53): CodeIgniter\Debug\Exceptions->errorHandler(2, 'Undefined property: stdClass::$nama_barang', 'C:\\laragon\\www\\aabweureeka\\app\\Views\\setup_persediaan\\harga\\index.php', 53)
 2 SYSTEMPATH\View\View.php(234): include('C:\\laragon\\www\\aabweureeka\\app\\Views\\setup_persediaan\\harga\\index.php')
 3 SYSTEMPATH\View\View.php(237): CodeIgniter\View\View->CodeIgniter\View\{closure}()
 4 SYSTEMPATH\Common.php(1169): CodeIgniter\View\View->render('setup_persediaan/harga/index', [], true)
 5 APPPATH\Controllers\setup_persediaan\Harga.php(28): view('setup_persediaan/harga/index', [...])
 6 SYSTEMPATH\CodeIgniter.php(933): App\Controllers\setup_persediaan\Harga->index()
 7 SYSTEMPATH\CodeIgniter.php(509): CodeIgniter\CodeIgniter->runController(Object(App\Controllers\setup_persediaan\Harga))
 8 SYSTEMPATH\CodeIgniter.php(355): CodeIgniter\CodeIgniter->handleRequest(null, Object(Config\Cache), false)
 9 SYSTEMPATH\Boot.php(325): CodeIgniter\CodeIgniter->run()
10 SYSTEMPATH\Boot.php(67): CodeIgniter\Boot::runCodeIgniter(Object(CodeIgniter\CodeIgniter))
11 FCPATH\index.php(56): CodeIgniter\Boot::bootWeb(Object(Config\Paths))
12 SYSTEMPATH\rewrite.php(44): require_once('C:\\laragon\\www\\aabweureeka\\public\\index.php')
INFO - 2025-03-27 09:37:06 --> Session: Class initialized using 'CodeIgniter\Session\Handlers\FileHandler' driver.
INFO - 2025-03-27 09:38:35 --> Session: Class initialized using 'CodeIgniter\Session\Handlers\FileHandler' driver.
INFO - 2025-03-27 09:38:39 --> CSRF token verified.
INFO - 2025-03-27 09:38:39 --> Session: Class initialized using 'CodeIgniter\Session\Handlers\FileHandler' driver.
INFO - 2025-03-27 09:38:39 --> Session: Class initialized using 'CodeIgniter\Session\Handlers\FileHandler' driver.
INFO - 2025-03-27 09:38:45 --> Session: Class initialized using 'CodeIgniter\Session\Handlers\FileHandler' driver.
CRITICAL - 2025-03-27 09:38:45 --> ErrorException: Undefined variable $dtstock
[Method: GET, Route: setup_persediaan/harga/6/edit]
in APPPATH\Views\setup_persediaan\harga\edit.php on line 27.
 1 APPPATH\Views\setup_persediaan\harga\edit.php(27): CodeIgniter\Debug\Exceptions->errorHandler(2, 'Undefined variable $dtstock', 'C:\\laragon\\www\\aabweureeka\\app\\Views\\setup_persediaan\\harga\\edit.php', 27)
 2 SYSTEMPATH\View\View.php(234): include('C:\\laragon\\www\\aabweureeka\\app\\Views\\setup_persediaan\\harga\\edit.php')
 3 SYSTEMPATH\View\View.php(237): CodeIgniter\View\View->CodeIgniter\View\{closure}()
 4 SYSTEMPATH\Common.php(1169): CodeIgniter\View\View->render('setup_persediaan/harga/edit', [], true)
 5 APPPATH\Controllers\setup_persediaan\Harga.php(95): view('setup_persediaan/harga/edit', [...])
 6 SYSTEMPATH\CodeIgniter.php(933): App\Controllers\setup_persediaan\Harga->edit('6')
 7 SYSTEMPATH\CodeIgniter.php(509): CodeIgniter\CodeIgniter->runController(Object(App\Controllers\setup_persediaan\Harga))
 8 SYSTEMPATH\CodeIgniter.php(355): CodeIgniter\CodeIgniter->handleRequest(null, Object(Config\Cache), false)
 9 SYSTEMPATH\Boot.php(325): CodeIgniter\CodeIgniter->run()
10 SYSTEMPATH\Boot.php(67): CodeIgniter\Boot::runCodeIgniter(Object(CodeIgniter\CodeIgniter))
11 FCPATH\index.php(56): CodeIgniter\Boot::bootWeb(Object(Config\Paths))
12 SYSTEMPATH\rewrite.php(44): require_once('C:\\laragon\\www\\aabweureeka\\public\\index.php')
INFO - 2025-03-27 09:39:45 --> Session: Class initialized using 'CodeIgniter\Session\Handlers\FileHandler' driver.
INFO - 2025-03-27 09:41:54 --> Session: Class initialized using 'CodeIgniter\Session\Handlers\FileHandler' driver.
INFO - 2025-03-27 09:46:30 --> Session: Class initialized using 'CodeIgniter\Session\Handlers\FileHandler' driver.
INFO - 2025-03-27 09:46:33 --> Session: Class initialized using 'CodeIgniter\Session\Handlers\FileHandler' driver.
INFO - 2025-03-27 09:47:34 --> Session: Class initialized using 'CodeIgniter\Session\Handlers\FileHandler' driver.
INFO - 2025-03-27 09:47:39 --> CSRF token verified.
INFO - 2025-03-27 09:47:39 --> Session: Class initialized using 'CodeIgniter\Session\Handlers\FileHandler' driver.
INFO - 2025-03-27 09:47:40 --> Session: Class initialized using 'CodeIgniter\Session\Handlers\FileHandler' driver.
INFO - 2025-03-27 09:53:52 --> Session: Class initialized using 'CodeIgniter\Session\Handlers\FileHandler' driver.
INFO - 2025-03-27 09:54:20 --> CSRF token verified.
INFO - 2025-03-27 09:54:20 --> Session: Class initialized using 'CodeIgniter\Session\Handlers\FileHandler' driver.
INFO - 2025-03-27 09:54:20 --> Session: Class initialized using 'CodeIgniter\Session\Handlers\FileHandler' driver.
INFO - 2025-03-27 09:55:48 --> Session: Class initialized using 'CodeIgniter\Session\Handlers\FileHandler' driver.
INFO - 2025-03-27 09:55:54 --> Session: Class initialized using 'CodeIgniter\Session\Handlers\FileHandler' driver.
INFO - 2025-03-27 09:55:57 --> Session: Class initialized using 'CodeIgniter\Session\Handlers\FileHandler' driver.
INFO - 2025-03-27 09:56:07 --> Session: Class initialized using 'CodeIgniter\Session\Handlers\FileHandler' driver.
INFO - 2025-03-27 09:56:15 --> Session: Class initialized using 'CodeIgniter\Session\Handlers\FileHandler' driver.
INFO - 2025-03-27 09:56:17 --> Session: Class initialized using 'CodeIgniter\Session\Handlers\FileHandler' driver.
INFO - 2025-03-27 09:57:20 --> CSRF token verified.
INFO - 2025-03-27 09:57:20 --> Session: Class initialized using 'CodeIgniter\Session\Handlers\FileHandler' driver.
INFO - 2025-03-27 09:57:21 --> Session: Class initialized using 'CodeIgniter\Session\Handlers\FileHandler' driver.
INFO - 2025-03-27 09:58:36 --> Session: Class initialized using 'CodeIgniter\Session\Handlers\FileHandler' driver.
INFO - 2025-03-27 09:58:45 --> Session: Class initialized using 'CodeIgniter\Session\Handlers\FileHandler' driver.
INFO - 2025-03-27 09:58:48 --> Session: Class initialized using 'CodeIgniter\Session\Handlers\FileHandler' driver.
INFO - 2025-03-27 09:59:50 --> Session: Class initialized using 'CodeIgniter\Session\Handlers\FileHandler' driver.
INFO - 2025-03-27 09:59:53 --> Session: Class initialized using 'CodeIgniter\Session\Handlers\FileHandler' driver.
INFO - 2025-03-27 10:00:34 --> Session: Class initialized using 'CodeIgniter\Session\Handlers\FileHandler' driver.
INFO - 2025-03-27 10:00:36 --> Session: Class initialized using 'CodeIgniter\Session\Handlers\FileHandler' driver.
INFO - 2025-03-27 10:01:42 --> Session: Class initialized using 'CodeIgniter\Session\Handlers\FileHandler' driver.
INFO - 2025-03-27 10:01:45 --> Session: Class initialized using 'CodeIgniter\Session\Handlers\FileHandler' driver.
INFO - 2025-03-27 10:01:47 --> Session: Class initialized using 'CodeIgniter\Session\Handlers\FileHandler' driver.
INFO - 2025-03-27 10:01:49 --> Session: Class initialized using 'CodeIgniter\Session\Handlers\FileHandler' driver.
INFO - 2025-03-27 10:02:04 --> Session: Class initialized using 'CodeIgniter\Session\Handlers\FileHandler' driver.
INFO - 2025-03-27 10:02:06 --> Session: Class initialized using 'CodeIgniter\Session\Handlers\FileHandler' driver.
INFO - 2025-03-27 10:02:08 --> Session: Class initialized using 'CodeIgniter\Session\Handlers\FileHandler' driver.
INFO - 2025-03-27 10:02:39 --> Session: Class initialized using 'CodeIgniter\Session\Handlers\FileHandler' driver.
INFO - 2025-03-27 10:02:42 --> Session: Class initialized using 'CodeIgniter\Session\Handlers\FileHandler' driver.
INFO - 2025-03-27 10:02:47 --> Session: Class initialized using 'CodeIgniter\Session\Handlers\FileHandler' driver.
INFO - 2025-03-27 10:06:25 --> Session: Class initialized using 'CodeIgniter\Session\Handlers\FileHandler' driver.
INFO - 2025-03-27 10:06:56 --> Session: Class initialized using 'CodeIgniter\Session\Handlers\FileHandler' driver.
INFO - 2025-03-27 10:06:59 --> Session: Class initialized using 'CodeIgniter\Session\Handlers\FileHandler' driver.
INFO - 2025-03-27 10:07:02 --> Session: Class initialized using 'CodeIgniter\Session\Handlers\FileHandler' driver.
INFO - 2025-03-27 10:07:04 --> Session: Class initialized using 'CodeIgniter\Session\Handlers\FileHandler' driver.
INFO - 2025-03-27 10:07:08 --> Session: Class initialized using 'CodeIgniter\Session\Handlers\FileHandler' driver.
INFO - 2025-03-27 10:07:10 --> Session: Class initialized using 'CodeIgniter\Session\Handlers\FileHandler' driver.
INFO - 2025-03-27 10:07:11 --> Session: Class initialized using 'CodeIgniter\Session\Handlers\FileHandler' driver.
INFO - 2025-03-27 10:07:14 --> Session: Class initialized using 'CodeIgniter\Session\Handlers\FileHandler' driver.
INFO - 2025-03-27 10:08:03 --> Session: Class initialized using 'CodeIgniter\Session\Handlers\FileHandler' driver.
CRITICAL - 2025-03-27 10:08:03 --> ErrorException: include(C:\laragon\www\aabweureeka\vendor\composer/../../app/Models/ModelPeriode.php): Failed to open stream: No such file or directory
[Method: GET, Route: setup/periode]
in VENDORPATH\composer\ClassLoader.php on line 571.
 1 VENDORPATH\composer\ClassLoader.php(571): CodeIgniter\Debug\Exceptions->errorHandler(2, 'include(C:\\laragon\\www\\aabweureeka\\vendor\\composer/../../app/Models/ModelPeriode.php): Failed to open stream: No such file or directory', 'C:\\laragon\\www\\aabweureeka\\vendor\\composer\\ClassLoader.php', 571)
 2 VENDORPATH\composer\ClassLoader.php(571): include()
 3 VENDORPATH\composer\ClassLoader.php(428): Composer\Autoload\includeFile('C:\\laragon\\www\\aabweureeka\\vendor\\composer/../../app/Models/ModelPeriode.php')
 4 APPPATH\Controllers\setup\Periode.php(18): Composer\Autoload\ClassLoader->loadClass('App\\Models\\ModelPeriode')
 5 SYSTEMPATH\CodeIgniter.php(903): App\Controllers\setup\Periode->__construct()
 6 SYSTEMPATH\CodeIgniter.php(500): CodeIgniter\CodeIgniter->createController()
 7 SYSTEMPATH\CodeIgniter.php(355): CodeIgniter\CodeIgniter->handleRequest(null, Object(Config\Cache), false)
 8 SYSTEMPATH\Boot.php(325): CodeIgniter\CodeIgniter->run()
 9 SYSTEMPATH\Boot.php(67): CodeIgniter\Boot::runCodeIgniter(Object(CodeIgniter\CodeIgniter))
10 FCPATH\index.php(56): CodeIgniter\Boot::bootWeb(Object(Config\Paths))
11 SYSTEMPATH\rewrite.php(44): require_once('C:\\laragon\\www\\aabweureeka\\public\\index.php')
INFO - 2025-03-27 10:08:06 --> Session: Class initialized using 'CodeIgniter\Session\Handlers\FileHandler' driver.
INFO - 2025-03-27 10:08:10 --> Session: Class initialized using 'CodeIgniter\Session\Handlers\FileHandler' driver.
INFO - 2025-03-27 10:08:14 --> Session: Class initialized using 'CodeIgniter\Session\Handlers\FileHandler' driver.
INFO - 2025-03-27 10:08:16 --> Session: Class initialized using 'CodeIgniter\Session\Handlers\FileHandler' driver.
INFO - 2025-03-27 10:12:05 --> Session: Class initialized using 'CodeIgniter\Session\Handlers\FileHandler' driver.
INFO - 2025-03-27 10:12:09 --> Session: Class initialized using 'CodeIgniter\Session\Handlers\FileHandler' driver.
INFO - 2025-03-27 10:12:12 --> Session: Class initialized using 'CodeIgniter\Session\Handlers\FileHandler' driver.
INFO - 2025-03-27 10:12:14 --> Session: Class initialized using 'CodeIgniter\Session\Handlers\FileHandler' driver.
INFO - 2025-03-27 10:15:41 --> Session: Class initialized using 'CodeIgniter\Session\Handlers\FileHandler' driver.
INFO - 2025-03-27 10:15:46 --> Session: Class initialized using 'CodeIgniter\Session\Handlers\FileHandler' driver.
INFO - 2025-03-27 10:16:33 --> Session: Class initialized using 'CodeIgniter\Session\Handlers\FileHandler' driver.
INFO - 2025-03-27 10:17:30 --> Session: Class initialized using 'CodeIgniter\Session\Handlers\FileHandler' driver.
INFO - 2025-03-27 10:17:32 --> Session: Class initialized using 'CodeIgniter\Session\Handlers\FileHandler' driver.
INFO - 2025-03-27 10:17:48 --> Session: Class initialized using 'CodeIgniter\Session\Handlers\FileHandler' driver.
INFO - 2025-03-27 10:19:17 --> Session: Class initialized using 'CodeIgniter\Session\Handlers\FileHandler' driver.
INFO - 2025-03-27 10:19:24 --> Session: Class initialized using 'CodeIgniter\Session\Handlers\FileHandler' driver.
INFO - 2025-03-27 10:19:30 --> Session: Class initialized using 'CodeIgniter\Session\Handlers\FileHandler' driver.
INFO - 2025-03-27 10:40:32 --> Session: Class initialized using 'CodeIgniter\Session\Handlers\FileHandler' driver.
INFO - 2025-03-27 14:15:10 --> Session: Class initialized using 'CodeIgniter\Session\Handlers\FileHandler' driver.
INFO - 2025-03-27 14:15:11 --> Session: Class initialized using 'CodeIgniter\Session\Handlers\FileHandler' driver.
INFO - 2025-03-27 14:15:18 --> CSRF token verified.
INFO - 2025-03-27 14:15:18 --> Session: Class initialized using 'CodeIgniter\Session\Handlers\FileHandler' driver.
INFO - 2025-03-27 14:15:18 --> Session: Class initialized using 'CodeIgniter\Session\Handlers\FileHandler' driver.
INFO - 2025-03-27 14:15:24 --> Session: Class initialized using 'CodeIgniter\Session\Handlers\FileHandler' driver.
INFO - 2025-03-27 14:15:25 --> Session: Class initialized using 'CodeIgniter\Session\Handlers\FileHandler' driver.
INFO - 2025-03-27 14:15:26 --> Session: Class initialized using 'CodeIgniter\Session\Handlers\FileHandler' driver.
INFO - 2025-03-27 14:15:27 --> Session: Class initialized using 'CodeIgniter\Session\Handlers\FileHandler' driver.
INFO - 2025-03-27 14:16:09 --> Session: Class initialized using 'CodeIgniter\Session\Handlers\FileHandler' driver.
INFO - 2025-03-27 14:17:31 --> Session: Class initialized using 'CodeIgniter\Session\Handlers\FileHandler' driver.
INFO - 2025-03-27 14:18:29 --> Session: Class initialized using 'CodeIgniter\Session\Handlers\FileHandler' driver.
INFO - 2025-03-27 14:18:30 --> Session: Class initialized using 'CodeIgniter\Session\Handlers\FileHandler' driver.
INFO - 2025-03-27 14:18:32 --> Session: Class initialized using 'CodeIgniter\Session\Handlers\FileHandler' driver.
INFO - 2025-03-27 14:20:36 --> Session: Class initialized using 'CodeIgniter\Session\Handlers\FileHandler' driver.
ERROR - 2025-03-27 14:20:36 --> mysqli_sql_exception: Unknown column 'stock1.kode_barang' in 'field list' in C:\laragon\www\aabweureeka\vendor\codeigniter4\framework\system\Database\MySQLi\Connection.php:312
Stack trace:
#0 C:\laragon\www\aabweureeka\vendor\codeigniter4\framework\system\Database\MySQLi\Connection.php(312): mysqli->query('SELECT `harga1`...', 0)
#1 C:\laragon\www\aabweureeka\vendor\codeigniter4\framework\system\Database\BaseConnection.php(734): CodeIgniter\Database\MySQLi\Connection->execute('SELECT `harga1`...')
#2 C:\laragon\www\aabweureeka\vendor\codeigniter4\framework\system\Database\BaseConnection.php(648): CodeIgniter\Database\BaseConnection->simpleQuery('SELECT `harga1`...')
#3 C:\laragon\www\aabweureeka\vendor\codeigniter4\framework\system\Database\BaseBuilder.php(1644): CodeIgniter\Database\BaseConnection->query('SELECT `harga1`...', Array, false)
#4 C:\laragon\www\aabweureeka\vendor\codeigniter4\framework\system\Model.php(286): CodeIgniter\Database\BaseBuilder->get()
#5 C:\laragon\www\aabweureeka\vendor\codeigniter4\framework\system\BaseModel.php(676): CodeIgniter\Model->doFindAll(0, 0)
#6 C:\laragon\www\aabweureeka\app\Models\setup_persediaan\ModelHarga.php(23): CodeIgniter\BaseModel->findAll()
#7 C:\laragon\www\aabweureeka\app\Controllers\setup_persediaan\Harga.php(27): App\Models\setup_persediaan\ModelHarga->getAllHarga()
#8 C:\laragon\www\aabweureeka\vendor\codeigniter4\framework\system\CodeIgniter.php(933): App\Controllers\setup_persediaan\Harga->index()
#9 C:\laragon\www\aabweureeka\vendor\codeigniter4\framework\system\CodeIgniter.php(509): CodeIgniter\CodeIgniter->runController(Object(App\Controllers\setup_persediaan\Harga))
#10 C:\laragon\www\aabweureeka\vendor\codeigniter4\framework\system\CodeIgniter.php(355): CodeIgniter\CodeIgniter->handleRequest(NULL, Object(Config\Cache), false)
#11 C:\laragon\www\aabweureeka\vendor\codeigniter4\framework\system\Boot.php(325): CodeIgniter\CodeIgniter->run()
#12 C:\laragon\www\aabweureeka\vendor\codeigniter4\framework\system\Boot.php(67): CodeIgniter\Boot::runCodeIgniter(Object(CodeIgniter\CodeIgniter))
#13 C:\laragon\www\aabweureeka\public\index.php(56): CodeIgniter\Boot::bootWeb(Object(Config\Paths))
#14 C:\laragon\www\aabweureeka\vendor\codeigniter4\framework\system\rewrite.php(44): require_once('C:\\laragon\\www\\...')
#15 {main}
CRITICAL - 2025-03-27 14:20:36 --> CodeIgniter\Database\Exceptions\DatabaseException: Unknown column 'stock1.kode_barang' in 'field list'
[Method: GET, Route: setup_persediaan/harga]
in SYSTEMPATH\Database\BaseConnection.php on line 688.
 1 SYSTEMPATH\Database\BaseBuilder.php(1644): CodeIgniter\Database\BaseConnection->query('SELECT `harga1`.*, `stock1`.`kode_barang`, `stock1`.`nama_barang`
FROM `harga1`
LEFT JOIN `stock1` ON `stock1`.`id_stock` = `harga1`.`id_stock`', [], false)
 2 SYSTEMPATH\Model.php(286): CodeIgniter\Database\BaseBuilder->get()
 3 SYSTEMPATH\BaseModel.php(676): CodeIgniter\Model->doFindAll(0, 0)
 4 APPPATH\Models\setup_persediaan\ModelHarga.php(23): CodeIgniter\BaseModel->findAll()
 5 APPPATH\Controllers\setup_persediaan\Harga.php(27): App\Models\setup_persediaan\ModelHarga->getAllHarga()
 6 SYSTEMPATH\CodeIgniter.php(933): App\Controllers\setup_persediaan\Harga->index()
 7 SYSTEMPATH\CodeIgniter.php(509): CodeIgniter\CodeIgniter->runController(Object(App\Controllers\setup_persediaan\Harga))
 8 SYSTEMPATH\CodeIgniter.php(355): CodeIgniter\CodeIgniter->handleRequest(null, Object(Config\Cache), false)
 9 SYSTEMPATH\Boot.php(325): CodeIgniter\CodeIgniter->run()
10 SYSTEMPATH\Boot.php(67): CodeIgniter\Boot::runCodeIgniter(Object(CodeIgniter\CodeIgniter))
11 FCPATH\index.php(56): CodeIgniter\Boot::bootWeb(Object(Config\Paths))
12 SYSTEMPATH\rewrite.php(44): require_once('C:\\laragon\\www\\aabweureeka\\public\\index.php')
CRITICAL - 2025-03-27 14:20:36 --> [Caused by] CodeIgniter\Database\Exceptions\DatabaseException: Unknown column 'stock1.kode_barang' in 'field list'
in SYSTEMPATH\Database\MySQLi\Connection.php on line 317.
 1 SYSTEMPATH\Database\BaseConnection.php(734): CodeIgniter\Database\MySQLi\Connection->execute('SELECT `harga1`.*, `stock1`.`kode_barang`, `stock1`.`nama_barang`
FROM `harga1`
LEFT JOIN `stock1` ON `stock1`.`id_stock` = `harga1`.`id_stock`')
 2 SYSTEMPATH\Database\BaseConnection.php(648): CodeIgniter\Database\BaseConnection->simpleQuery('SELECT `harga1`.*, `stock1`.`kode_barang`, `stock1`.`nama_barang`
FROM `harga1`
LEFT JOIN `stock1` ON `stock1`.`id_stock` = `harga1`.`id_stock`')
 3 SYSTEMPATH\Database\BaseBuilder.php(1644): CodeIgniter\Database\BaseConnection->query('SELECT `harga1`.*, `stock1`.`kode_barang`, `stock1`.`nama_barang`
FROM `harga1`
LEFT JOIN `stock1` ON `stock1`.`id_stock` = `harga1`.`id_stock`', [], false)
 4 SYSTEMPATH\Model.php(286): CodeIgniter\Database\BaseBuilder->get()
 5 SYSTEMPATH\BaseModel.php(676): CodeIgniter\Model->doFindAll(0, 0)
 6 APPPATH\Models\setup_persediaan\ModelHarga.php(23): CodeIgniter\BaseModel->findAll()
 7 APPPATH\Controllers\setup_persediaan\Harga.php(27): App\Models\setup_persediaan\ModelHarga->getAllHarga()
 8 SYSTEMPATH\CodeIgniter.php(933): App\Controllers\setup_persediaan\Harga->index()
 9 SYSTEMPATH\CodeIgniter.php(509): CodeIgniter\CodeIgniter->runController(Object(App\Controllers\setup_persediaan\Harga))
10 SYSTEMPATH\CodeIgniter.php(355): CodeIgniter\CodeIgniter->handleRequest(null, Object(Config\Cache), false)
11 SYSTEMPATH\Boot.php(325): CodeIgniter\CodeIgniter->run()
12 SYSTEMPATH\Boot.php(67): CodeIgniter\Boot::runCodeIgniter(Object(CodeIgniter\CodeIgniter))
13 FCPATH\index.php(56): CodeIgniter\Boot::bootWeb(Object(Config\Paths))
14 SYSTEMPATH\rewrite.php(44): require_once('C:\\laragon\\www\\aabweureeka\\public\\index.php')
CRITICAL - 2025-03-27 14:20:36 --> [Caused by] mysqli_sql_exception: Unknown column 'stock1.kode_barang' in 'field list'
in SYSTEMPATH\Database\MySQLi\Connection.php on line 312.
 1 SYSTEMPATH\Database\MySQLi\Connection.php(312): mysqli->query('SELECT `harga1`.*, `stock1`.`kode_barang`, `stock1`.`nama_barang`
FROM `harga1`
LEFT JOIN `stock1` ON `stock1`.`id_stock` = `harga1`.`id_stock`', 0)
 2 SYSTEMPATH\Database\BaseConnection.php(734): CodeIgniter\Database\MySQLi\Connection->execute('SELECT `harga1`.*, `stock1`.`kode_barang`, `stock1`.`nama_barang`
FROM `harga1`
LEFT JOIN `stock1` ON `stock1`.`id_stock` = `harga1`.`id_stock`')
 3 SYSTEMPATH\Database\BaseConnection.php(648): CodeIgniter\Database\BaseConnection->simpleQuery('SELECT `harga1`.*, `stock1`.`kode_barang`, `stock1`.`nama_barang`
FROM `harga1`
LEFT JOIN `stock1` ON `stock1`.`id_stock` = `harga1`.`id_stock`')
 4 SYSTEMPATH\Database\BaseBuilder.php(1644): CodeIgniter\Database\BaseConnection->query('SELECT `harga1`.*, `stock1`.`kode_barang`, `stock1`.`nama_barang`
FROM `harga1`
LEFT JOIN `stock1` ON `stock1`.`id_stock` = `harga1`.`id_stock`', [], false)
 5 SYSTEMPATH\Model.php(286): CodeIgniter\Database\BaseBuilder->get()
 6 SYSTEMPATH\BaseModel.php(676): CodeIgniter\Model->doFindAll(0, 0)
 7 APPPATH\Models\setup_persediaan\ModelHarga.php(23): CodeIgniter\BaseModel->findAll()
 8 APPPATH\Controllers\setup_persediaan\Harga.php(27): App\Models\setup_persediaan\ModelHarga->getAllHarga()
 9 SYSTEMPATH\CodeIgniter.php(933): App\Controllers\setup_persediaan\Harga->index()
10 SYSTEMPATH\CodeIgniter.php(509): CodeIgniter\CodeIgniter->runController(Object(App\Controllers\setup_persediaan\Harga))
11 SYSTEMPATH\CodeIgniter.php(355): CodeIgniter\CodeIgniter->handleRequest(null, Object(Config\Cache), false)
12 SYSTEMPATH\Boot.php(325): CodeIgniter\CodeIgniter->run()
13 SYSTEMPATH\Boot.php(67): CodeIgniter\Boot::runCodeIgniter(Object(CodeIgniter\CodeIgniter))
14 FCPATH\index.php(56): CodeIgniter\Boot::bootWeb(Object(Config\Paths))
15 SYSTEMPATH\rewrite.php(44): require_once('C:\\laragon\\www\\aabweureeka\\public\\index.php')
INFO - 2025-03-27 14:21:02 --> Session: Class initialized using 'CodeIgniter\Session\Handlers\FileHandler' driver.
ERROR - 2025-03-27 14:21:02 --> mysqli_sql_exception: Unknown column 'stock1.kode_stock' in 'field list' in C:\laragon\www\aabweureeka\vendor\codeigniter4\framework\system\Database\MySQLi\Connection.php:312
Stack trace:
#0 C:\laragon\www\aabweureeka\vendor\codeigniter4\framework\system\Database\MySQLi\Connection.php(312): mysqli->query('SELECT `harga1`...', 0)
#1 C:\laragon\www\aabweureeka\vendor\codeigniter4\framework\system\Database\BaseConnection.php(734): CodeIgniter\Database\MySQLi\Connection->execute('SELECT `harga1`...')
#2 C:\laragon\www\aabweureeka\vendor\codeigniter4\framework\system\Database\BaseConnection.php(648): CodeIgniter\Database\BaseConnection->simpleQuery('SELECT `harga1`...')
#3 C:\laragon\www\aabweureeka\vendor\codeigniter4\framework\system\Database\BaseBuilder.php(1644): CodeIgniter\Database\BaseConnection->query('SELECT `harga1`...', Array, false)
#4 C:\laragon\www\aabweureeka\vendor\codeigniter4\framework\system\Model.php(286): CodeIgniter\Database\BaseBuilder->get()
#5 C:\laragon\www\aabweureeka\vendor\codeigniter4\framework\system\BaseModel.php(676): CodeIgniter\Model->doFindAll(0, 0)
#6 C:\laragon\www\aabweureeka\app\Models\setup_persediaan\ModelHarga.php(23): CodeIgniter\BaseModel->findAll()
#7 C:\laragon\www\aabweureeka\app\Controllers\setup_persediaan\Harga.php(27): App\Models\setup_persediaan\ModelHarga->getAllHarga()
#8 C:\laragon\www\aabweureeka\vendor\codeigniter4\framework\system\CodeIgniter.php(933): App\Controllers\setup_persediaan\Harga->index()
#9 C:\laragon\www\aabweureeka\vendor\codeigniter4\framework\system\CodeIgniter.php(509): CodeIgniter\CodeIgniter->runController(Object(App\Controllers\setup_persediaan\Harga))
#10 C:\laragon\www\aabweureeka\vendor\codeigniter4\framework\system\CodeIgniter.php(355): CodeIgniter\CodeIgniter->handleRequest(NULL, Object(Config\Cache), false)
#11 C:\laragon\www\aabweureeka\vendor\codeigniter4\framework\system\Boot.php(325): CodeIgniter\CodeIgniter->run()
#12 C:\laragon\www\aabweureeka\vendor\codeigniter4\framework\system\Boot.php(67): CodeIgniter\Boot::runCodeIgniter(Object(CodeIgniter\CodeIgniter))
#13 C:\laragon\www\aabweureeka\public\index.php(56): CodeIgniter\Boot::bootWeb(Object(Config\Paths))
#14 C:\laragon\www\aabweureeka\vendor\codeigniter4\framework\system\rewrite.php(44): require_once('C:\\laragon\\www\\...')
#15 {main}
CRITICAL - 2025-03-27 14:21:02 --> CodeIgniter\Database\Exceptions\DatabaseException: Unknown column 'stock1.kode_stock' in 'field list'
[Method: GET, Route: setup_persediaan/harga]
in SYSTEMPATH\Database\BaseConnection.php on line 688.
 1 SYSTEMPATH\Database\BaseBuilder.php(1644): CodeIgniter\Database\BaseConnection->query('SELECT `harga1`.*, `stock1`.`kode_stock`, `stock1`.`nama_barang`
FROM `harga1`
LEFT JOIN `stock1` ON `stock1`.`id_stock` = `harga1`.`id_stock`', [], false)
 2 SYSTEMPATH\Model.php(286): CodeIgniter\Database\BaseBuilder->get()
 3 SYSTEMPATH\BaseModel.php(676): CodeIgniter\Model->doFindAll(0, 0)
 4 APPPATH\Models\setup_persediaan\ModelHarga.php(23): CodeIgniter\BaseModel->findAll()
 5 APPPATH\Controllers\setup_persediaan\Harga.php(27): App\Models\setup_persediaan\ModelHarga->getAllHarga()
 6 SYSTEMPATH\CodeIgniter.php(933): App\Controllers\setup_persediaan\Harga->index()
 7 SYSTEMPATH\CodeIgniter.php(509): CodeIgniter\CodeIgniter->runController(Object(App\Controllers\setup_persediaan\Harga))
 8 SYSTEMPATH\CodeIgniter.php(355): CodeIgniter\CodeIgniter->handleRequest(null, Object(Config\Cache), false)
 9 SYSTEMPATH\Boot.php(325): CodeIgniter\CodeIgniter->run()
10 SYSTEMPATH\Boot.php(67): CodeIgniter\Boot::runCodeIgniter(Object(CodeIgniter\CodeIgniter))
11 FCPATH\index.php(56): CodeIgniter\Boot::bootWeb(Object(Config\Paths))
12 SYSTEMPATH\rewrite.php(44): require_once('C:\\laragon\\www\\aabweureeka\\public\\index.php')
CRITICAL - 2025-03-27 14:21:02 --> [Caused by] CodeIgniter\Database\Exceptions\DatabaseException: Unknown column 'stock1.kode_stock' in 'field list'
in SYSTEMPATH\Database\MySQLi\Connection.php on line 317.
 1 SYSTEMPATH\Database\BaseConnection.php(734): CodeIgniter\Database\MySQLi\Connection->execute('SELECT `harga1`.*, `stock1`.`kode_stock`, `stock1`.`nama_barang`
FROM `harga1`
LEFT JOIN `stock1` ON `stock1`.`id_stock` = `harga1`.`id_stock`')
 2 SYSTEMPATH\Database\BaseConnection.php(648): CodeIgniter\Database\BaseConnection->simpleQuery('SELECT `harga1`.*, `stock1`.`kode_stock`, `stock1`.`nama_barang`
FROM `harga1`
LEFT JOIN `stock1` ON `stock1`.`id_stock` = `harga1`.`id_stock`')
 3 SYSTEMPATH\Database\BaseBuilder.php(1644): CodeIgniter\Database\BaseConnection->query('SELECT `harga1`.*, `stock1`.`kode_stock`, `stock1`.`nama_barang`
FROM `harga1`
LEFT JOIN `stock1` ON `stock1`.`id_stock` = `harga1`.`id_stock`', [], false)
 4 SYSTEMPATH\Model.php(286): CodeIgniter\Database\BaseBuilder->get()
 5 SYSTEMPATH\BaseModel.php(676): CodeIgniter\Model->doFindAll(0, 0)
 6 APPPATH\Models\setup_persediaan\ModelHarga.php(23): CodeIgniter\BaseModel->findAll()
 7 APPPATH\Controllers\setup_persediaan\Harga.php(27): App\Models\setup_persediaan\ModelHarga->getAllHarga()
 8 SYSTEMPATH\CodeIgniter.php(933): App\Controllers\setup_persediaan\Harga->index()
 9 SYSTEMPATH\CodeIgniter.php(509): CodeIgniter\CodeIgniter->runController(Object(App\Controllers\setup_persediaan\Harga))
10 SYSTEMPATH\CodeIgniter.php(355): CodeIgniter\CodeIgniter->handleRequest(null, Object(Config\Cache), false)
11 SYSTEMPATH\Boot.php(325): CodeIgniter\CodeIgniter->run()
12 SYSTEMPATH\Boot.php(67): CodeIgniter\Boot::runCodeIgniter(Object(CodeIgniter\CodeIgniter))
13 FCPATH\index.php(56): CodeIgniter\Boot::bootWeb(Object(Config\Paths))
14 SYSTEMPATH\rewrite.php(44): require_once('C:\\laragon\\www\\aabweureeka\\public\\index.php')
CRITICAL - 2025-03-27 14:21:02 --> [Caused by] mysqli_sql_exception: Unknown column 'stock1.kode_stock' in 'field list'
in SYSTEMPATH\Database\MySQLi\Connection.php on line 312.
 1 SYSTEMPATH\Database\MySQLi\Connection.php(312): mysqli->query('SELECT `harga1`.*, `stock1`.`kode_stock`, `stock1`.`nama_barang`
FROM `harga1`
LEFT JOIN `stock1` ON `stock1`.`id_stock` = `harga1`.`id_stock`', 0)
 2 SYSTEMPATH\Database\BaseConnection.php(734): CodeIgniter\Database\MySQLi\Connection->execute('SELECT `harga1`.*, `stock1`.`kode_stock`, `stock1`.`nama_barang`
FROM `harga1`
LEFT JOIN `stock1` ON `stock1`.`id_stock` = `harga1`.`id_stock`')
 3 SYSTEMPATH\Database\BaseConnection.php(648): CodeIgniter\Database\BaseConnection->simpleQuery('SELECT `harga1`.*, `stock1`.`kode_stock`, `stock1`.`nama_barang`
FROM `harga1`
LEFT JOIN `stock1` ON `stock1`.`id_stock` = `harga1`.`id_stock`')
 4 SYSTEMPATH\Database\BaseBuilder.php(1644): CodeIgniter\Database\BaseConnection->query('SELECT `harga1`.*, `stock1`.`kode_stock`, `stock1`.`nama_barang`
FROM `harga1`
LEFT JOIN `stock1` ON `stock1`.`id_stock` = `harga1`.`id_stock`', [], false)
 5 SYSTEMPATH\Model.php(286): CodeIgniter\Database\BaseBuilder->get()
 6 SYSTEMPATH\BaseModel.php(676): CodeIgniter\Model->doFindAll(0, 0)
 7 APPPATH\Models\setup_persediaan\ModelHarga.php(23): CodeIgniter\BaseModel->findAll()
 8 APPPATH\Controllers\setup_persediaan\Harga.php(27): App\Models\setup_persediaan\ModelHarga->getAllHarga()
 9 SYSTEMPATH\CodeIgniter.php(933): App\Controllers\setup_persediaan\Harga->index()
10 SYSTEMPATH\CodeIgniter.php(509): CodeIgniter\CodeIgniter->runController(Object(App\Controllers\setup_persediaan\Harga))
11 SYSTEMPATH\CodeIgniter.php(355): CodeIgniter\CodeIgniter->handleRequest(null, Object(Config\Cache), false)
12 SYSTEMPATH\Boot.php(325): CodeIgniter\CodeIgniter->run()
13 SYSTEMPATH\Boot.php(67): CodeIgniter\Boot::runCodeIgniter(Object(CodeIgniter\CodeIgniter))
14 FCPATH\index.php(56): CodeIgniter\Boot::bootWeb(Object(Config\Paths))
15 SYSTEMPATH\rewrite.php(44): require_once('C:\\laragon\\www\\aabweureeka\\public\\index.php')
INFO - 2025-03-27 14:21:47 --> Session: Class initialized using 'CodeIgniter\Session\Handlers\FileHandler' driver.
INFO - 2025-03-27 14:21:48 --> Session: Class initialized using 'CodeIgniter\Session\Handlers\FileHandler' driver.
INFO - 2025-03-27 14:22:17 --> Session: Class initialized using 'CodeIgniter\Session\Handlers\FileHandler' driver.
CRITICAL - 2025-03-27 14:22:17 --> ErrorException: Undefined variable $valu
[Method: GET, Route: setup_persediaan/harga]
in APPPATH\Views\setup_persediaan\harga\index.php on line 52.
 1 APPPATH\Views\setup_persediaan\harga\index.php(52): CodeIgniter\Debug\Exceptions->errorHandler(2, 'Undefined variable $valu', 'C:\\laragon\\www\\aabweureeka\\app\\Views\\setup_persediaan\\harga\\index.php', 52)
 2 SYSTEMPATH\View\View.php(234): include('C:\\laragon\\www\\aabweureeka\\app\\Views\\setup_persediaan\\harga\\index.php')
 3 SYSTEMPATH\View\View.php(237): CodeIgniter\View\View->CodeIgniter\View\{closure}()
 4 SYSTEMPATH\Common.php(1169): CodeIgniter\View\View->render('setup_persediaan/harga/index', [], true)
 5 APPPATH\Controllers\setup_persediaan\Harga.php(28): view('setup_persediaan/harga/index', [...])
 6 SYSTEMPATH\CodeIgniter.php(933): App\Controllers\setup_persediaan\Harga->index()
 7 SYSTEMPATH\CodeIgniter.php(509): CodeIgniter\CodeIgniter->runController(Object(App\Controllers\setup_persediaan\Harga))
 8 SYSTEMPATH\CodeIgniter.php(355): CodeIgniter\CodeIgniter->handleRequest(null, Object(Config\Cache), false)
 9 SYSTEMPATH\Boot.php(325): CodeIgniter\CodeIgniter->run()
10 SYSTEMPATH\Boot.php(67): CodeIgniter\Boot::runCodeIgniter(Object(CodeIgniter\CodeIgniter))
11 FCPATH\index.php(56): CodeIgniter\Boot::bootWeb(Object(Config\Paths))
12 SYSTEMPATH\rewrite.php(44): require_once('C:\\laragon\\www\\aabweureeka\\public\\index.php')
INFO - 2025-03-27 14:22:24 --> Session: Class initialized using 'CodeIgniter\Session\Handlers\FileHandler' driver.
INFO - 2025-03-27 14:26:10 --> Session: Class initialized using 'CodeIgniter\Session\Handlers\FileHandler' driver.
INFO - 2025-03-27 14:28:22 --> Session: Class initialized using 'CodeIgniter\Session\Handlers\FileHandler' driver.
INFO - 2025-03-27 14:29:01 --> Session: Class initialized using 'CodeIgniter\Session\Handlers\FileHandler' driver.
INFO - 2025-03-27 14:29:05 --> Session: Class initialized using 'CodeIgniter\Session\Handlers\FileHandler' driver.
INFO - 2025-03-27 14:29:11 --> Session: Class initialized using 'CodeIgniter\Session\Handlers\FileHandler' driver.
INFO - 2025-03-27 14:38:37 --> Session: Class initialized using 'CodeIgniter\Session\Handlers\FileHandler' driver.
CRITICAL - 2025-03-27 14:38:37 --> ErrorException: Undefined property: CodeIgniter\View\View::$request
[Method: GET, Route: setup_persediaan/harga]
in APPPATH\Views\setup_persediaan\harga\index.php on line 44.
 1 APPPATH\Views\setup_persediaan\harga\index.php(44): CodeIgniter\Debug\Exceptions->errorHandler(2, 'Undefined property: CodeIgniter\\View\\View::$request', 'C:\\laragon\\www\\aabweureeka\\app\\Views\\setup_persediaan\\harga\\index.php', 44)
 2 SYSTEMPATH\View\View.php(234): include('C:\\laragon\\www\\aabweureeka\\app\\Views\\setup_persediaan\\harga\\index.php')
 3 SYSTEMPATH\View\View.php(237): CodeIgniter\View\View->CodeIgniter\View\{closure}()
 4 SYSTEMPATH\Common.php(1169): CodeIgniter\View\View->render('setup_persediaan/harga/index', [], true)
 5 APPPATH\Controllers\setup_persediaan\Harga.php(31): view('setup_persediaan/harga/index', [...])
 6 SYSTEMPATH\CodeIgniter.php(933): App\Controllers\setup_persediaan\Harga->index()
 7 SYSTEMPATH\CodeIgniter.php(509): CodeIgniter\CodeIgniter->runController(Object(App\Controllers\setup_persediaan\Harga))
 8 SYSTEMPATH\CodeIgniter.php(355): CodeIgniter\CodeIgniter->handleRequest(null, Object(Config\Cache), false)
 9 SYSTEMPATH\Boot.php(325): CodeIgniter\CodeIgniter->run()
10 SYSTEMPATH\Boot.php(67): CodeIgniter\Boot::runCodeIgniter(Object(CodeIgniter\CodeIgniter))
11 FCPATH\index.php(56): CodeIgniter\Boot::bootWeb(Object(Config\Paths))
12 SYSTEMPATH\rewrite.php(44): require_once('C:\\laragon\\www\\aabweureeka\\public\\index.php')
INFO - 2025-03-27 14:39:41 --> Session: Class initialized using 'CodeIgniter\Session\Handlers\FileHandler' driver.
CRITICAL - 2025-03-27 14:39:41 --> ErrorException: Undefined property: CodeIgniter\View\View::$request
[Method: GET, Route: setup_persediaan/harga]
in APPPATH\Views\setup_persediaan\harga\index.php on line 44.
 1 APPPATH\Views\setup_persediaan\harga\index.php(44): CodeIgniter\Debug\Exceptions->errorHandler(2, 'Undefined property: CodeIgniter\\View\\View::$request', 'C:\\laragon\\www\\aabweureeka\\app\\Views\\setup_persediaan\\harga\\index.php', 44)
 2 SYSTEMPATH\View\View.php(234): include('C:\\laragon\\www\\aabweureeka\\app\\Views\\setup_persediaan\\harga\\index.php')
 3 SYSTEMPATH\View\View.php(237): CodeIgniter\View\View->CodeIgniter\View\{closure}()
 4 SYSTEMPATH\Common.php(1169): CodeIgniter\View\View->render('setup_persediaan/harga/index', [], true)
 5 APPPATH\Controllers\setup_persediaan\Harga.php(31): view('setup_persediaan/harga/index', [...])
 6 SYSTEMPATH\CodeIgniter.php(933): App\Controllers\setup_persediaan\Harga->index()
 7 SYSTEMPATH\CodeIgniter.php(509): CodeIgniter\CodeIgniter->runController(Object(App\Controllers\setup_persediaan\Harga))
 8 SYSTEMPATH\CodeIgniter.php(355): CodeIgniter\CodeIgniter->handleRequest(null, Object(Config\Cache), false)
 9 SYSTEMPATH\Boot.php(325): CodeIgniter\CodeIgniter->run()
10 SYSTEMPATH\Boot.php(67): CodeIgniter\Boot::runCodeIgniter(Object(CodeIgniter\CodeIgniter))
11 FCPATH\index.php(56): CodeIgniter\Boot::bootWeb(Object(Config\Paths))
12 SYSTEMPATH\rewrite.php(44): require_once('C:\\laragon\\www\\aabweureeka\\public\\index.php')
INFO - 2025-03-27 14:40:08 --> Session: Class initialized using 'CodeIgniter\Session\Handlers\FileHandler' driver.
INFO - 2025-03-27 14:41:41 --> Session: Class initialized using 'CodeIgniter\Session\Handlers\FileHandler' driver.
INFO - 2025-03-27 14:43:30 --> Session: Class initialized using 'CodeIgniter\Session\Handlers\FileHandler' driver.
INFO - 2025-03-27 14:44:14 --> Session: Class initialized using 'CodeIgniter\Session\Handlers\FileHandler' driver.
INFO - 2025-03-27 14:45:21 --> Session: Class initialized using 'CodeIgniter\Session\Handlers\FileHandler' driver.
INFO - 2025-03-27 14:47:33 --> Session: Class initialized using 'CodeIgniter\Session\Handlers\FileHandler' driver.
INFO - 2025-03-27 14:47:43 --> Session: Class initialized using 'CodeIgniter\Session\Handlers\FileHandler' driver.
INFO - 2025-03-27 14:52:28 --> Session: Class initialized using 'CodeIgniter\Session\Handlers\FileHandler' driver.
ERROR - 2025-03-27 14:52:29 --> mysqli_sql_exception: Table 'aabw.stock' doesn't exist in C:\laragon\www\aabweureeka\vendor\codeigniter4\framework\system\Database\MySQLi\Connection.php:312
Stack trace:
#0 C:\laragon\www\aabweureeka\vendor\codeigniter4\framework\system\Database\MySQLi\Connection.php(312): mysqli->query('SELECT *\nFROM `...', 0)
#1 C:\laragon\www\aabweureeka\vendor\codeigniter4\framework\system\Database\BaseConnection.php(734): CodeIgniter\Database\MySQLi\Connection->execute('SELECT *\nFROM `...')
#2 C:\laragon\www\aabweureeka\vendor\codeigniter4\framework\system\Database\BaseConnection.php(648): CodeIgniter\Database\BaseConnection->simpleQuery('SELECT *\nFROM `...')
#3 C:\laragon\www\aabweureeka\vendor\codeigniter4\framework\system\Database\BaseBuilder.php(1644): CodeIgniter\Database\BaseConnection->query('SELECT *\nFROM `...', Array, false)
#4 C:\laragon\www\aabweureeka\vendor\codeigniter4\framework\system\Model.php(286): CodeIgniter\Database\BaseBuilder->get()
#5 C:\laragon\www\aabweureeka\vendor\codeigniter4\framework\system\BaseModel.php(676): CodeIgniter\Model->doFindAll(0, 0)
#6 C:\laragon\www\aabweureeka\app\Controllers\setup_persediaan\Harga.php(41): CodeIgniter\BaseModel->findAll()
#7 C:\laragon\www\aabweureeka\vendor\codeigniter4\framework\system\CodeIgniter.php(933): App\Controllers\setup_persediaan\Harga->index()
#8 C:\laragon\www\aabweureeka\vendor\codeigniter4\framework\system\CodeIgniter.php(509): CodeIgniter\CodeIgniter->runController(Object(App\Controllers\setup_persediaan\Harga))
#9 C:\laragon\www\aabweureeka\vendor\codeigniter4\framework\system\CodeIgniter.php(355): CodeIgniter\CodeIgniter->handleRequest(NULL, Object(Config\Cache), false)
#10 C:\laragon\www\aabweureeka\vendor\codeigniter4\framework\system\Boot.php(325): CodeIgniter\CodeIgniter->run()
#11 C:\laragon\www\aabweureeka\vendor\codeigniter4\framework\system\Boot.php(67): CodeIgniter\Boot::runCodeIgniter(Object(CodeIgniter\CodeIgniter))
#12 C:\laragon\www\aabweureeka\public\index.php(56): CodeIgniter\Boot::bootWeb(Object(Config\Paths))
#13 C:\laragon\www\aabweureeka\vendor\codeigniter4\framework\system\rewrite.php(44): require_once('C:\\laragon\\www\\...')
#14 {main}
CRITICAL - 2025-03-27 14:52:29 --> CodeIgniter\Database\Exceptions\DatabaseException: Table 'aabw.stock' doesn't exist
[Method: GET, Route: setup_persediaan/harga]
in SYSTEMPATH\Database\BaseConnection.php on line 688.
 1 SYSTEMPATH\Database\BaseBuilder.php(1644): CodeIgniter\Database\BaseConnection->query('SELECT *
FROM `harga1`
JOIN `stock` ON `stock`.`id_stock` = `harga`.`id_stock`', [], false)
 2 SYSTEMPATH\Model.php(286): CodeIgniter\Database\BaseBuilder->get()
 3 SYSTEMPATH\BaseModel.php(676): CodeIgniter\Model->doFindAll(0, 0)
 4 APPPATH\Controllers\setup_persediaan\Harga.php(41): CodeIgniter\BaseModel->findAll()
 5 SYSTEMPATH\CodeIgniter.php(933): App\Controllers\setup_persediaan\Harga->index()
 6 SYSTEMPATH\CodeIgniter.php(509): CodeIgniter\CodeIgniter->runController(Object(App\Controllers\setup_persediaan\Harga))
 7 SYSTEMPATH\CodeIgniter.php(355): CodeIgniter\CodeIgniter->handleRequest(null, Object(Config\Cache), false)
 8 SYSTEMPATH\Boot.php(325): CodeIgniter\CodeIgniter->run()
 9 SYSTEMPATH\Boot.php(67): CodeIgniter\Boot::runCodeIgniter(Object(CodeIgniter\CodeIgniter))
10 FCPATH\index.php(56): CodeIgniter\Boot::bootWeb(Object(Config\Paths))
11 SYSTEMPATH\rewrite.php(44): require_once('C:\\laragon\\www\\aabweureeka\\public\\index.php')
CRITICAL - 2025-03-27 14:52:29 --> [Caused by] CodeIgniter\Database\Exceptions\DatabaseException: Table 'aabw.stock' doesn't exist
in SYSTEMPATH\Database\MySQLi\Connection.php on line 317.
 1 SYSTEMPATH\Database\BaseConnection.php(734): CodeIgniter\Database\MySQLi\Connection->execute('SELECT *
FROM `harga1`
JOIN `stock` ON `stock`.`id_stock` = `harga`.`id_stock`')
 2 SYSTEMPATH\Database\BaseConnection.php(648): CodeIgniter\Database\BaseConnection->simpleQuery('SELECT *
FROM `harga1`
JOIN `stock` ON `stock`.`id_stock` = `harga`.`id_stock`')
 3 SYSTEMPATH\Database\BaseBuilder.php(1644): CodeIgniter\Database\BaseConnection->query('SELECT *
FROM `harga1`
JOIN `stock` ON `stock`.`id_stock` = `harga`.`id_stock`', [], false)
 4 SYSTEMPATH\Model.php(286): CodeIgniter\Database\BaseBuilder->get()
 5 SYSTEMPATH\BaseModel.php(676): CodeIgniter\Model->doFindAll(0, 0)
 6 APPPATH\Controllers\setup_persediaan\Harga.php(41): CodeIgniter\BaseModel->findAll()
 7 SYSTEMPATH\CodeIgniter.php(933): App\Controllers\setup_persediaan\Harga->index()
 8 SYSTEMPATH\CodeIgniter.php(509): CodeIgniter\CodeIgniter->runController(Object(App\Controllers\setup_persediaan\Harga))
 9 SYSTEMPATH\CodeIgniter.php(355): CodeIgniter\CodeIgniter->handleRequest(null, Object(Config\Cache), false)
10 SYSTEMPATH\Boot.php(325): CodeIgniter\CodeIgniter->run()
11 SYSTEMPATH\Boot.php(67): CodeIgniter\Boot::runCodeIgniter(Object(CodeIgniter\CodeIgniter))
12 FCPATH\index.php(56): CodeIgniter\Boot::bootWeb(Object(Config\Paths))
13 SYSTEMPATH\rewrite.php(44): require_once('C:\\laragon\\www\\aabweureeka\\public\\index.php')
CRITICAL - 2025-03-27 14:52:29 --> [Caused by] mysqli_sql_exception: Table 'aabw.stock' doesn't exist
in SYSTEMPATH\Database\MySQLi\Connection.php on line 312.
 1 SYSTEMPATH\Database\MySQLi\Connection.php(312): mysqli->query('SELECT *
FROM `harga1`
JOIN `stock` ON `stock`.`id_stock` = `harga`.`id_stock`', 0)
 2 SYSTEMPATH\Database\BaseConnection.php(734): CodeIgniter\Database\MySQLi\Connection->execute('SELECT *
FROM `harga1`
JOIN `stock` ON `stock`.`id_stock` = `harga`.`id_stock`')
 3 SYSTEMPATH\Database\BaseConnection.php(648): CodeIgniter\Database\BaseConnection->simpleQuery('SELECT *
FROM `harga1`
JOIN `stock` ON `stock`.`id_stock` = `harga`.`id_stock`')
 4 SYSTEMPATH\Database\BaseBuilder.php(1644): CodeIgniter\Database\BaseConnection->query('SELECT *
FROM `harga1`
JOIN `stock` ON `stock`.`id_stock` = `harga`.`id_stock`', [], false)
 5 SYSTEMPATH\Model.php(286): CodeIgniter\Database\BaseBuilder->get()
 6 SYSTEMPATH\BaseModel.php(676): CodeIgniter\Model->doFindAll(0, 0)
 7 APPPATH\Controllers\setup_persediaan\Harga.php(41): CodeIgniter\BaseModel->findAll()
 8 SYSTEMPATH\CodeIgniter.php(933): App\Controllers\setup_persediaan\Harga->index()
 9 SYSTEMPATH\CodeIgniter.php(509): CodeIgniter\CodeIgniter->runController(Object(App\Controllers\setup_persediaan\Harga))
10 SYSTEMPATH\CodeIgniter.php(355): CodeIgniter\CodeIgniter->handleRequest(null, Object(Config\Cache), false)
11 SYSTEMPATH\Boot.php(325): CodeIgniter\CodeIgniter->run()
12 SYSTEMPATH\Boot.php(67): CodeIgniter\Boot::runCodeIgniter(Object(CodeIgniter\CodeIgniter))
13 FCPATH\index.php(56): CodeIgniter\Boot::bootWeb(Object(Config\Paths))
14 SYSTEMPATH\rewrite.php(44): require_once('C:\\laragon\\www\\aabweureeka\\public\\index.php')
INFO - 2025-03-27 14:53:28 --> Session: Class initialized using 'CodeIgniter\Session\Handlers\FileHandler' driver.
CRITICAL - 2025-03-27 14:53:29 --> ErrorException: Undefined property: CodeIgniter\View\View::$request
[Method: GET, Route: setup_persediaan/harga]
in APPPATH\Views\setup_persediaan\harga\index.php on line 43.
 1 APPPATH\Views\setup_persediaan\harga\index.php(43): CodeIgniter\Debug\Exceptions->errorHandler(2, 'Undefined property: CodeIgniter\\View\\View::$request', 'C:\\laragon\\www\\aabweureeka\\app\\Views\\setup_persediaan\\harga\\index.php', 43)
 2 SYSTEMPATH\View\View.php(234): include('C:\\laragon\\www\\aabweureeka\\app\\Views\\setup_persediaan\\harga\\index.php')
 3 SYSTEMPATH\View\View.php(237): CodeIgniter\View\View->CodeIgniter\View\{closure}()
 4 SYSTEMPATH\Common.php(1169): CodeIgniter\View\View->render('setup_persediaan/harga/index', [], true)
 5 APPPATH\Controllers\setup_persediaan\Harga.php(48): view('setup_persediaan/harga/index', [...])
 6 SYSTEMPATH\CodeIgniter.php(933): App\Controllers\setup_persediaan\Harga->index()
 7 SYSTEMPATH\CodeIgniter.php(509): CodeIgniter\CodeIgniter->runController(Object(App\Controllers\setup_persediaan\Harga))
 8 SYSTEMPATH\CodeIgniter.php(355): CodeIgniter\CodeIgniter->handleRequest(null, Object(Config\Cache), false)
 9 SYSTEMPATH\Boot.php(325): CodeIgniter\CodeIgniter->run()
10 SYSTEMPATH\Boot.php(67): CodeIgniter\Boot::runCodeIgniter(Object(CodeIgniter\CodeIgniter))
11 FCPATH\index.php(56): CodeIgniter\Boot::bootWeb(Object(Config\Paths))
12 SYSTEMPATH\rewrite.php(44): require_once('C:\\laragon\\www\\aabweureeka\\public\\index.php')
INFO - 2025-03-27 14:56:33 --> Session: Class initialized using 'CodeIgniter\Session\Handlers\FileHandler' driver.
CRITICAL - 2025-03-27 14:56:33 --> ErrorException: Undefined variable $searchKelompok
[Method: GET, Route: setup_persediaan/harga]
in APPPATH\Views\setup_persediaan\harga\index.php on line 43.
 1 APPPATH\Views\setup_persediaan\harga\index.php(43): CodeIgniter\Debug\Exceptions->errorHandler(2, 'Undefined variable $searchKelompok', 'C:\\laragon\\www\\aabweureeka\\app\\Views\\setup_persediaan\\harga\\index.php', 43)
 2 SYSTEMPATH\View\View.php(234): include('C:\\laragon\\www\\aabweureeka\\app\\Views\\setup_persediaan\\harga\\index.php')
 3 SYSTEMPATH\View\View.php(237): CodeIgniter\View\View->CodeIgniter\View\{closure}()
 4 SYSTEMPATH\Common.php(1169): CodeIgniter\View\View->render('setup_persediaan/harga/index', [], true)
 5 APPPATH\Controllers\setup_persediaan\Harga.php(48): view('setup_persediaan/harga/index', [...])
 6 SYSTEMPATH\CodeIgniter.php(933): App\Controllers\setup_persediaan\Harga->index()
 7 SYSTEMPATH\CodeIgniter.php(509): CodeIgniter\CodeIgniter->runController(Object(App\Controllers\setup_persediaan\Harga))
 8 SYSTEMPATH\CodeIgniter.php(355): CodeIgniter\CodeIgniter->handleRequest(null, Object(Config\Cache), false)
 9 SYSTEMPATH\Boot.php(325): CodeIgniter\CodeIgniter->run()
10 SYSTEMPATH\Boot.php(67): CodeIgniter\Boot::runCodeIgniter(Object(CodeIgniter\CodeIgniter))
11 FCPATH\index.php(56): CodeIgniter\Boot::bootWeb(Object(Config\Paths))
12 SYSTEMPATH\rewrite.php(44): require_once('C:\\laragon\\www\\aabweureeka\\public\\index.php')
INFO - 2025-03-27 14:57:08 --> Session: Class initialized using 'CodeIgniter\Session\Handlers\FileHandler' driver.
CRITICAL - 2025-03-27 14:57:08 --> ErrorException: Undefined property: CodeIgniter\View\View::$request
[Method: GET, Route: setup_persediaan/harga]
in APPPATH\Views\setup_persediaan\harga\index.php on line 51.
 1 APPPATH\Views\setup_persediaan\harga\index.php(51): CodeIgniter\Debug\Exceptions->errorHandler(2, 'Undefined property: CodeIgniter\\View\\View::$request', 'C:\\laragon\\www\\aabweureeka\\app\\Views\\setup_persediaan\\harga\\index.php', 51)
 2 SYSTEMPATH\View\View.php(234): include('C:\\laragon\\www\\aabweureeka\\app\\Views\\setup_persediaan\\harga\\index.php')
 3 SYSTEMPATH\View\View.php(237): CodeIgniter\View\View->CodeIgniter\View\{closure}()
 4 SYSTEMPATH\Common.php(1169): CodeIgniter\View\View->render('setup_persediaan/harga/index', [], true)
 5 APPPATH\Controllers\setup_persediaan\Harga.php(49): view('setup_persediaan/harga/index', [...])
 6 SYSTEMPATH\CodeIgniter.php(933): App\Controllers\setup_persediaan\Harga->index()
 7 SYSTEMPATH\CodeIgniter.php(509): CodeIgniter\CodeIgniter->runController(Object(App\Controllers\setup_persediaan\Harga))
 8 SYSTEMPATH\CodeIgniter.php(355): CodeIgniter\CodeIgniter->handleRequest(null, Object(Config\Cache), false)
 9 SYSTEMPATH\Boot.php(325): CodeIgniter\CodeIgniter->run()
10 SYSTEMPATH\Boot.php(67): CodeIgniter\Boot::runCodeIgniter(Object(CodeIgniter\CodeIgniter))
11 FCPATH\index.php(56): CodeIgniter\Boot::bootWeb(Object(Config\Paths))
12 SYSTEMPATH\rewrite.php(44): require_once('C:\\laragon\\www\\aabweureeka\\public\\index.php')
INFO - 2025-03-27 14:57:55 --> Session: Class initialized using 'CodeIgniter\Session\Handlers\FileHandler' driver.
INFO - 2025-03-27 14:58:00 --> Session: Class initialized using 'CodeIgniter\Session\Handlers\FileHandler' driver.
INFO - 2025-03-27 14:58:04 --> Session: Class initialized using 'CodeIgniter\Session\Handlers\FileHandler' driver.
INFO - 2025-03-27 14:58:08 --> Session: Class initialized using 'CodeIgniter\Session\Handlers\FileHandler' driver.
INFO - 2025-03-27 14:58:18 --> Session: Class initialized using 'CodeIgniter\Session\Handlers\FileHandler' driver.
INFO - 2025-03-27 14:58:20 --> Session: Class initialized using 'CodeIgniter\Session\Handlers\FileHandler' driver.
INFO - 2025-03-27 14:58:23 --> Session: Class initialized using 'CodeIgniter\Session\Handlers\FileHandler' driver.
INFO - 2025-03-27 14:58:29 --> Session: Class initialized using 'CodeIgniter\Session\Handlers\FileHandler' driver.
INFO - 2025-03-27 14:58:32 --> Session: Class initialized using 'CodeIgniter\Session\Handlers\FileHandler' driver.
INFO - 2025-03-27 14:58:37 --> Session: Class initialized using 'CodeIgniter\Session\Handlers\FileHandler' driver.
INFO - 2025-03-27 14:58:40 --> Session: Class initialized using 'CodeIgniter\Session\Handlers\FileHandler' driver.
INFO - 2025-03-27 15:00:31 --> Session: Class initialized using 'CodeIgniter\Session\Handlers\FileHandler' driver.
INFO - 2025-03-27 15:00:32 --> Session: Class initialized using 'CodeIgniter\Session\Handlers\FileHandler' driver.
INFO - 2025-03-27 15:00:40 --> Session: Class initialized using 'CodeIgniter\Session\Handlers\FileHandler' driver.
INFO - 2025-03-27 15:00:42 --> Session: Class initialized using 'CodeIgniter\Session\Handlers\FileHandler' driver.
INFO - 2025-03-27 15:01:03 --> Session: Class initialized using 'CodeIgniter\Session\Handlers\FileHandler' driver.
INFO - 2025-03-27 15:01:55 --> Session: Class initialized using 'CodeIgniter\Session\Handlers\FileHandler' driver.
CRITICAL - 2025-03-27 15:01:55 --> ErrorException: Undefined property: stdClass::$kode_barang
[Method: GET, Route: setup_persediaan/harga/new]
in APPPATH\Views\setup_persediaan\harga\new.php on line 27.
 1 APPPATH\Views\setup_persediaan\harga\new.php(27): CodeIgniter\Debug\Exceptions->errorHandler(2, 'Undefined property: stdClass::$kode_barang', 'C:\\laragon\\www\\aabweureeka\\app\\Views\\setup_persediaan\\harga\\new.php', 27)
 2 SYSTEMPATH\View\View.php(234): include('C:\\laragon\\www\\aabweureeka\\app\\Views\\setup_persediaan\\harga\\new.php')
 3 SYSTEMPATH\View\View.php(237): CodeIgniter\View\View->CodeIgniter\View\{closure}()
 4 SYSTEMPATH\Common.php(1169): CodeIgniter\View\View->render('setup_persediaan/harga/new', [], true)
 5 APPPATH\Controllers\setup_persediaan\Harga.php(74): view('setup_persediaan/harga/new', [...])
 6 SYSTEMPATH\CodeIgniter.php(933): App\Controllers\setup_persediaan\Harga->new()
 7 SYSTEMPATH\CodeIgniter.php(509): CodeIgniter\CodeIgniter->runController(Object(App\Controllers\setup_persediaan\Harga))
 8 SYSTEMPATH\CodeIgniter.php(355): CodeIgniter\CodeIgniter->handleRequest(null, Object(Config\Cache), false)
 9 SYSTEMPATH\Boot.php(325): CodeIgniter\CodeIgniter->run()
10 SYSTEMPATH\Boot.php(67): CodeIgniter\Boot::runCodeIgniter(Object(CodeIgniter\CodeIgniter))
11 FCPATH\index.php(56): CodeIgniter\Boot::bootWeb(Object(Config\Paths))
12 SYSTEMPATH\rewrite.php(44): require_once('C:\\laragon\\www\\aabweureeka\\public\\index.php')
INFO - 2025-03-27 15:02:26 --> Session: Class initialized using 'CodeIgniter\Session\Handlers\FileHandler' driver.
INFO - 2025-03-27 15:02:36 --> Session: Class initialized using 'CodeIgniter\Session\Handlers\FileHandler' driver.
INFO - 2025-03-27 15:05:33 --> CSRF token verified.
INFO - 2025-03-27 15:05:33 --> Session: Class initialized using 'CodeIgniter\Session\Handlers\FileHandler' driver.
INFO - 2025-03-27 15:05:34 --> Session: Class initialized using 'CodeIgniter\Session\Handlers\FileHandler' driver.
INFO - 2025-03-27 15:05:41 --> Session: Class initialized using 'CodeIgniter\Session\Handlers\FileHandler' driver.
INFO - 2025-03-27 15:05:49 --> Session: Class initialized using 'CodeIgniter\Session\Handlers\FileHandler' driver.
INFO - 2025-03-27 15:09:11 --> Session: Class initialized using 'CodeIgniter\Session\Handlers\FileHandler' driver.
INFO - 2025-03-27 15:09:16 --> Session: Class initialized using 'CodeIgniter\Session\Handlers\FileHandler' driver.
INFO - 2025-03-27 15:09:24 --> Session: Class initialized using 'CodeIgniter\Session\Handlers\FileHandler' driver.
INFO - 2025-03-27 15:09:31 --> CSRF token verified.
INFO - 2025-03-27 15:09:31 --> Session: Class initialized using 'CodeIgniter\Session\Handlers\FileHandler' driver.
INFO - 2025-03-27 15:09:32 --> Session: Class initialized using 'CodeIgniter\Session\Handlers\FileHandler' driver.
INFO - 2025-03-27 15:09:35 --> CSRF token verified.
INFO - 2025-03-27 15:09:35 --> Session: Class initialized using 'CodeIgniter\Session\Handlers\FileHandler' driver.
INFO - 2025-03-27 15:09:35 --> Session: Class initialized using 'CodeIgniter\Session\Handlers\FileHandler' driver.
INFO - 2025-03-27 15:09:38 --> CSRF token verified.
INFO - 2025-03-27 15:09:38 --> Session: Class initialized using 'CodeIgniter\Session\Handlers\FileHandler' driver.
INFO - 2025-03-27 15:09:38 --> Session: Class initialized using 'CodeIgniter\Session\Handlers\FileHandler' driver.
INFO - 2025-03-27 15:09:41 --> CSRF token verified.
INFO - 2025-03-27 15:09:41 --> Session: Class initialized using 'CodeIgniter\Session\Handlers\FileHandler' driver.
INFO - 2025-03-27 15:09:41 --> Session: Class initialized using 'CodeIgniter\Session\Handlers\FileHandler' driver.
